#0 building with "default" instance using docker driver

#1 [internal] load local bake definitions
#1 reading docker-bake.hcl 825B / 825B done
#1 DONE 0.0s

#2 [internal] load build definition from Dockerfile
#2 transferring dockerfile: 1.34kB done
#2 DONE 0.0s

#3 [internal] load metadata for ghcr.io/trueforge-org/python:3.13.12
#3 DONE 0.0s

#4 [internal] load .dockerignore
#4 transferring context: 2B done
#4 DONE 0.0s

#5 [1/5] FROM ghcr.io/trueforge-org/python:3.13.12@sha256:d9b5d12c8e22d9b84df211da15c73e7e2b36441675f00bba2c706f93526c602b
#5 resolve ghcr.io/trueforge-org/python:3.13.12@sha256:d9b5d12c8e22d9b84df211da15c73e7e2b36441675f00bba2c706f93526c602b 0.0s done
#5 DONE 0.0s

#6 [internal] load build context
#6 transferring context: 656B done
#6 DONE 0.0s

#7 [2/5] RUN     echo "**** install build packages ****" &&     apt-get update &&     apt-get install -y --no-install-recommends         build-essential         cargo         libffi-dev         libssl-dev         python3-venv &&     echo "**** install runtime packages ****" &&     echo "**** install app ****" &&     python3 -m venv /config/venv &&     /config/venv/bin/pip install -U --no-cache-dir         pip         wheel &&     /config/venv/bin/pip install -U --no-cache-dir --find-links https://wheel-index.linuxserver.io/ubuntu/         -r https://raw.githubusercontent.com/ProgVal/Limnoria/master/requirements.txt &&     /config/venv/bin/pip install -U --no-cache-dir --find-links https://wheel-index.linuxserver.io/ubuntu/         limnoria=="2025.11.2" &&     echo "**** cleanup ****" &&     apt-get purge -y --auto-remove         build-essential         cargo         libffi-dev         libssl-dev &&     rm -rf         /var/lib/apt/lists/*         /tmp/*         /config/.cache         /config/.cargo
#7 CACHED

#8 [3/5] COPY . /
#8 DONE 0.0s

#9 [4/5] COPY ./root /
#9 DONE 0.0s

#10 [5/5] WORKDIR /config
#10 DONE 0.0s

#11 exporting to image
#11 exporting layers 0.0s done
#11 exporting manifest sha256:14cba5563cbb5d3cd083890f2bbf8e28af492aefaa94e461704aef210414870e done
#11 exporting config sha256:c385f09f4cac9fb931b33fd3ffe456e6653fd7d749a05962ea810f178d76610c done
#11 exporting attestation manifest sha256:5a6f0355a3baab20963a74520cbf06e3c059be1aa39597a740f018519e262152 done
#11 exporting manifest list sha256:ffe2f8852fb79f060ed90dd0df1aa9c5803397bcb15116560a4354772de45ee2 done
#11 naming to docker.io/library/limnoria:2025.11.2 done
#11 unpacking to docker.io/library/limnoria:2025.11.2 0.0s done
#11 DONE 0.1s
