#0 building with "default" instance using docker driver

#1 [internal] load build definition from Dockerfile
#1 transferring dockerfile: 1.59kB done
#1 DONE 0.0s

#2 [internal] load metadata for ghcr.io/trueforge-org/ubuntu:24.04
#2 DONE 0.1s

#3 [internal] load .dockerignore
#3 transferring context: 2B done
#3 DONE 0.0s

#4 [1/5] FROM ghcr.io/trueforge-org/ubuntu:24.04@sha256:5348eb7725294e8090c15b7b495e517f82f4b31497d3bb9de71bbe37476e7454
#4 resolve ghcr.io/trueforge-org/ubuntu:24.04@sha256:5348eb7725294e8090c15b7b495e517f82f4b31497d3bb9de71bbe37476e7454 0.0s done
#4 CACHED

#5 [internal] load build context
#5 transferring context: 6.04kB done
#5 DONE 0.0s

#6 [2/5] RUN   echo "**** install packages ****" &&   apt-get update && apt-get install -y --no-install-recommends     libicu74     iputils &&   echo "**** install dotnet sdk ****" &&   mkdir -p /app/dotnet &&   curl -o /tmp/dotnet-install.sh -L     https://dot.net/v1/dotnet-install.sh &&   chmod +x /tmp/dotnet-install.sh &&   /tmp/dotnet-install.sh -c 9.0 --install-dir /app/dotnet --runtime dotnet &&   echo "**** install webgrabplus ****" &&   if [ -z "$VERSION" ]; then     VERSION=$(curl -fsL https://webgrabplus.com/download/sw | grep -m1 /download/sw/v | sed 's|.*/download/sw/v\(.*\)">V.*|\1|');   fi &&   echo "Found Webgrabplus version ${VERSION}" &&   WEBGRAB_URL=$(curl -fsL https://webgrabplus.com/download/sw/v${VERSION} | grep '>Linux</a>' | sed 's|.*\(https://webgrab.*.gz\).*|\1|') &&   mkdir -p     /app/wg++ &&   curl -o /tmp/wg++.tar.gz -L     "${WEBGRAB_URL}" &&   tar xzf     /tmp/wg++.tar.gz -C     /app/wg++ --strip-components=1 &&   echo "**** download siteini.pack ****" &&   curl -o     /tmp/ini.zip -L     https://www.webgrabplus.com/sites/default/files/download/ini/SiteIniPack_current.zip &&   unzip -q /tmp/ini.zip -d /defaults/ini/ &&   echo "**** cleanup ****" &&   rm -rf     /tmp/*
#6 0.145 **** install packages ****
#6 0.465 Get:1 http://security.ubuntu.com/ubuntu noble-security InRelease [126 kB]
#6 0.479 Get:2 http://archive.ubuntu.com/ubuntu noble InRelease [256 kB]
#6 0.869 Get:3 http://security.ubuntu.com/ubuntu noble-security/main amd64 Packages [1,829 kB]
#6 1.275 Get:4 http://archive.ubuntu.com/ubuntu noble-updates InRelease [126 kB]
#6 1.282 Get:5 http://security.ubuntu.com/ubuntu noble-security/restricted amd64 Packages [3,122 kB]
#6 1.471 Get:6 http://archive.ubuntu.com/ubuntu noble-backports InRelease [126 kB]
#6 1.472 Get:7 http://security.ubuntu.com/ubuntu noble-security/multiverse amd64 Packages [34.8 kB]
#6 1.552 Get:8 http://security.ubuntu.com/ubuntu noble-security/universe amd64 Packages [1,205 kB]
#6 1.668 Get:9 http://archive.ubuntu.com/ubuntu noble/multiverse amd64 Packages [331 kB]
#6 1.953 Get:10 http://archive.ubuntu.com/ubuntu noble/restricted amd64 Packages [117 kB]
#6 2.130 Get:11 http://archive.ubuntu.com/ubuntu noble/universe amd64 Packages [19.3 MB]
#6 3.335 Get:12 http://archive.ubuntu.com/ubuntu noble/main amd64 Packages [1,808 kB]
#6 3.499 Get:13 http://archive.ubuntu.com/ubuntu noble-updates/multiverse amd64 Packages [38.1 kB]
#6 3.643 Get:14 http://archive.ubuntu.com/ubuntu noble-updates/universe amd64 Packages [2,014 kB]
#6 3.809 Get:15 http://archive.ubuntu.com/ubuntu noble-updates/main amd64 Packages [2,218 kB]
#6 3.977 Get:16 http://archive.ubuntu.com/ubuntu noble-updates/restricted amd64 Packages [3,330 kB]
#6 4.157 Get:17 http://archive.ubuntu.com/ubuntu noble-backports/universe amd64 Packages [34.6 kB]
#6 4.302 Get:18 http://archive.ubuntu.com/ubuntu noble-backports/main amd64 Packages [49.5 kB]
#6 4.321 Fetched 36.1 MB in 4s (8,703 kB/s)
#6 4.321 Reading package lists...
#6 5.057 Reading package lists...
#6 5.772 Building dependency tree...
#6 5.916 Reading state information...
#6 5.930 E: Unable to locate package iputils
#6 ERROR: process "/bin/bash -o pipefail -c echo \"**** install packages ****\" &&   apt-get update && apt-get install -y --no-install-recommends     libicu74     iputils &&   echo \"**** install dotnet sdk ****\" &&   mkdir -p /app/dotnet &&   curl -o /tmp/dotnet-install.sh -L     https://dot.net/v1/dotnet-install.sh &&   chmod +x /tmp/dotnet-install.sh &&   /tmp/dotnet-install.sh -c 9.0 --install-dir /app/dotnet --runtime dotnet &&   echo \"**** install webgrabplus ****\" &&   if [ -z \"$VERSION\" ]; then     VERSION=$(curl -fsL https://webgrabplus.com/download/sw | grep -m1 /download/sw/v | sed 's|.*/download/sw/v\\(.*\\)\">V.*|\\1|');   fi &&   echo \"Found Webgrabplus version ${VERSION}\" &&   WEBGRAB_URL=$(curl -fsL https://webgrabplus.com/download/sw/v${VERSION} | grep '>Linux</a>' | sed 's|.*\\(https://webgrab.*.gz\\).*|\\1|') &&   mkdir -p     /app/wg++ &&   curl -o /tmp/wg++.tar.gz -L     \"${WEBGRAB_URL}\" &&   tar xzf     /tmp/wg++.tar.gz -C     /app/wg++ --strip-components=1 &&   echo \"**** download siteini.pack ****\" &&   curl -o     /tmp/ini.zip -L     https://www.webgrabplus.com/sites/default/files/download/ini/SiteIniPack_current.zip &&   unzip -q /tmp/ini.zip -d /defaults/ini/ &&   echo \"**** cleanup ****\" &&   rm -rf     /tmp/*" did not complete successfully: exit code: 100
------
 > [2/5] RUN   echo "**** install packages ****" &&   apt-get update && apt-get install -y --no-install-recommends     libicu74     iputils &&   echo "**** install dotnet sdk ****" &&   mkdir -p /app/dotnet &&   curl -o /tmp/dotnet-install.sh -L     https://dot.net/v1/dotnet-install.sh &&   chmod +x /tmp/dotnet-install.sh &&   /tmp/dotnet-install.sh -c 9.0 --install-dir /app/dotnet --runtime dotnet &&   echo "**** install webgrabplus ****" &&   if [ -z "$VERSION" ]; then     VERSION=$(curl -fsL https://webgrabplus.com/download/sw | grep -m1 /download/sw/v | sed 's|.*/download/sw/v\(.*\)">V.*|\1|');   fi &&   echo "Found Webgrabplus version ${VERSION}" &&   WEBGRAB_URL=$(curl -fsL https://webgrabplus.com/download/sw/v${VERSION} | grep '>Linux</a>' | sed 's|.*\(https://webgrab.*.gz\).*|\1|') &&   mkdir -p     /app/wg++ &&   curl -o /tmp/wg++.tar.gz -L     "${WEBGRAB_URL}" &&   tar xzf     /tmp/wg++.tar.gz -C     /app/wg++ --strip-components=1 &&   echo "**** download siteini.pack ****" &&   curl -o     /tmp/ini.zip -L     https://www.webgrabplus.com/sites/default/files/download/ini/SiteIniPack_current.zip &&   unzip -q /tmp/ini.zip -d /defaults/ini/ &&   echo "**** cleanup ****" &&   rm -rf     /tmp/*:
3.499 Get:13 http://archive.ubuntu.com/ubuntu noble-updates/multiverse amd64 Packages [38.1 kB]
3.643 Get:14 http://archive.ubuntu.com/ubuntu noble-updates/universe amd64 Packages [2,014 kB]
3.809 Get:15 http://archive.ubuntu.com/ubuntu noble-updates/main amd64 Packages [2,218 kB]
3.977 Get:16 http://archive.ubuntu.com/ubuntu noble-updates/restricted amd64 Packages [3,330 kB]
4.157 Get:17 http://archive.ubuntu.com/ubuntu noble-backports/universe amd64 Packages [34.6 kB]
4.302 Get:18 http://archive.ubuntu.com/ubuntu noble-backports/main amd64 Packages [49.5 kB]



5.930 E: Unable to locate package iputils
------
Dockerfile:14
--------------------
  13 |     
  14 | >>> RUN \
  15 | >>>   echo "**** install packages ****" && \
  16 | >>>   apt-get update && apt-get install -y --no-install-recommends \
  17 | >>>     libicu74 \
  18 | >>>     iputils && \
  19 | >>>   echo "**** install dotnet sdk ****" && \
  20 | >>>   mkdir -p /app/dotnet && \
  21 | >>>   curl -o /tmp/dotnet-install.sh -L \
  22 | >>>     https://dot.net/v1/dotnet-install.sh && \
  23 | >>>   chmod +x /tmp/dotnet-install.sh && \
  24 | >>>   /tmp/dotnet-install.sh -c 9.0 --install-dir /app/dotnet --runtime dotnet && \
  25 | >>>   echo "**** install webgrabplus ****" && \
  26 | >>>   if [ -z "$VERSION" ]; then \
  27 | >>>     VERSION=$(curl -fsL https://webgrabplus.com/download/sw | grep -m1 /download/sw/v | sed 's|.*/download/sw/v\(.*\)">V.*|\1|'); \
  28 | >>>   fi && \
  29 | >>>   echo "Found Webgrabplus version ${VERSION}" && \
  30 | >>>   WEBGRAB_URL=$(curl -fsL https://webgrabplus.com/download/sw/v${VERSION} | grep '>Linux</a>' | sed 's|.*\(https://webgrab.*.gz\).*|\1|') && \
  31 | >>>   mkdir -p \
  32 | >>>     /app/wg++ && \
  33 | >>>   curl -o /tmp/wg++.tar.gz -L \
  34 | >>>     "${WEBGRAB_URL}" && \
  35 | >>>   tar xzf \
  36 | >>>     /tmp/wg++.tar.gz -C \
  37 | >>>     /app/wg++ --strip-components=1 && \
  38 | >>>   echo "**** download siteini.pack ****" && \
  39 | >>>   curl -o \
  40 | >>>     /tmp/ini.zip -L \
  41 | >>>     https://www.webgrabplus.com/sites/default/files/download/ini/SiteIniPack_current.zip && \
  42 | >>>   unzip -q /tmp/ini.zip -d /defaults/ini/ && \
  43 | >>>   echo "**** cleanup ****" && \
  44 | >>>   rm -rf \
  45 | >>>     /tmp/*
  46 |     
--------------------
ERROR: failed to build: failed to solve: process "/bin/bash -o pipefail -c echo \"**** install packages ****\" &&   apt-get update && apt-get install -y --no-install-recommends     libicu74     iputils &&   echo \"**** install dotnet sdk ****\" &&   mkdir -p /app/dotnet &&   curl -o /tmp/dotnet-install.sh -L     https://dot.net/v1/dotnet-install.sh &&   chmod +x /tmp/dotnet-install.sh &&   /tmp/dotnet-install.sh -c 9.0 --install-dir /app/dotnet --runtime dotnet &&   echo \"**** install webgrabplus ****\" &&   if [ -z \"$VERSION\" ]; then     VERSION=$(curl -fsL https://webgrabplus.com/download/sw | grep -m1 /download/sw/v | sed 's|.*/download/sw/v\\(.*\\)\">V.*|\\1|');   fi &&   echo \"Found Webgrabplus version ${VERSION}\" &&   WEBGRAB_URL=$(curl -fsL https://webgrabplus.com/download/sw/v${VERSION} | grep '>Linux</a>' | sed 's|.*\\(https://webgrab.*.gz\\).*|\\1|') &&   mkdir -p     /app/wg++ &&   curl -o /tmp/wg++.tar.gz -L     \"${WEBGRAB_URL}\" &&   tar xzf     /tmp/wg++.tar.gz -C     /app/wg++ --strip-components=1 &&   echo \"**** download siteini.pack ****\" &&   curl -o     /tmp/ini.zip -L     https://www.webgrabplus.com/sites/default/files/download/ini/SiteIniPack_current.zip &&   unzip -q /tmp/ini.zip -d /defaults/ini/ &&   echo \"**** cleanup ****\" &&   rm -rf     /tmp/*" did not complete successfully: exit code: 100
