#0 building with "default" instance using docker driver

#1 [internal] load local bake definitions
#1 reading docker-bake.hcl 836B / 836B done
#1 DONE 0.0s

#2 [internal] load build definition from Dockerfile
#2 transferring dockerfile: 877B done
#2 DONE 0.0s

#3 [internal] load metadata for ghcr.io/trueforge-org/node:22.22.0
#3 DONE 0.2s

#4 [internal] load .dockerignore
#4 transferring context: 2B done
#4 DONE 0.0s

#5 [1/4] FROM ghcr.io/trueforge-org/node:22.22.0@sha256:b003160352643fa8b3341f2550c484d1ec754078df700f7a87948584e0a5939c
#5 resolve ghcr.io/trueforge-org/node:22.22.0@sha256:b003160352643fa8b3341f2550c484d1ec754078df700f7a87948584e0a5939c 0.0s done
#5 CACHED

#6 [internal] load build context
#6 transferring context: 1.36kB done
#6 DONE 0.0s

#7 [2/4] RUN echo "**** install pairdrop ****" &&   mkdir -p /app &&   (curl -fL -o     /tmp/pairdrop.tar.gz -L     "https://github.com/schlagmichdoch/PairDrop/archive/refs/tags/v1.11.2.tar.gz" || curl -fL -o     /tmp/pairdrop.tar.gz     "https://github.com/schlagmichdoch/PairDrop/archive/refs/heads/main.tar.gz") &&   tar xf     /tmp/pairdrop.tar.gz -C     /app --strip-components=1 &&   cd /app &&   npm ci --omit=dev &&   chown -R apps:apps /app && chmod -R 755 /app &&   echo "**** cleanup ****" &&   rm -rf     /app/nodehome/.cache     /tmp/*     /tmp/.npm
#7 0.146 **** install pairdrop ****
#7 0.154   % Total    % Received % Xferd  Average Speed   Time    Time     Time  Current
#7 0.154                                  Dload  Upload   Total   Spent    Left  Speed
#7 0.154   0     0    0     0    0     0      0      0 --:--:-- --:--:-- --:--:--     0  0     0    0     0    0     0      0      0 --:--:-- --:--:-- --:--:--     0
#7 0.365   0     0    0     0    0     0      0      0 --:--:-- --:--:-- --:--:--     0100 12.1M    0 12.1M    0     0  10.0M      0 --:--:--  0:00:01 --:--:-- 12.1M100 12.1M    0 12.1M    0     0  10.0M      0 --:--:--  0:00:01 --:--:-- 12.1M
#7 2.872 
#7 2.872 added 73 packages, and audited 74 packages in 1s
#7 2.872 
#7 2.872 16 packages are looking for funding
#7 2.872   run `npm fund` for details
#7 2.879 
#7 2.879 3 high severity vulnerabilities
#7 2.879 
#7 2.879 To address all issues, run:
#7 2.879   npm audit fix
#7 2.879 
#7 2.879 Run `npm audit` for details.
#7 2.880 npm notice
#7 2.880 npm notice New major version of npm available! 10.9.4 -> 11.10.0
#7 2.880 npm notice Changelog: https://github.com/npm/cli/releases/tag/v11.10.0
#7 2.880 npm notice To update run: npm install -g npm@11.10.0
#7 2.880 npm notice
#7 3.006 **** cleanup ****
#7 DONE 3.1s

#8 [3/4] COPY . /
#8 DONE 0.0s

#9 [4/4] WORKDIR /config
#9 DONE 0.0s

#10 exporting to image
#10 exporting layers
#10 exporting layers 0.8s done
#10 exporting manifest sha256:922cba33aac674c7f531d5877a56b98aa5a543e2cadcad9257f22607e52e74dc done
#10 exporting config sha256:0ecdd4c3d20416b8abfaa50566a1a67cd8b7f495e11f9678a23d75404a252a42 done
#10 exporting attestation manifest sha256:b1d1c5b3e52e43e2c659ca711fe6f6357be03ef485f20c235eaeff4623cab6cd done
#10 exporting manifest list sha256:5c775514af4d71125ae9c6755b89412e3826792264418b3d85da99e7d12a78ac done
#10 naming to docker.io/library/pairdrop:1.11.2 done
#10 unpacking to docker.io/library/pairdrop:1.11.2
#10 unpacking to docker.io/library/pairdrop:1.11.2 0.3s done
#10 DONE 1.2s
