#0 building with "default" instance using docker driver

#1 [internal] load local bake definitions
#1 reading docker-bake.hcl 819B / 819B done
#1 DONE 0.0s

#2 [internal] load build definition from Dockerfile
#2 transferring dockerfile: 765B done
#2 DONE 0.0s

#3 [internal] load metadata for ghcr.io/trueforge-org/ubuntu:24.04
#3 DONE 0.1s

#4 [internal] load .dockerignore
#4 transferring context: 2B done
#4 DONE 0.0s

#5 [1/5] FROM ghcr.io/trueforge-org/ubuntu:24.04@sha256:5348eb7725294e8090c15b7b495e517f82f4b31497d3bb9de71bbe37476e7454
#5 resolve ghcr.io/trueforge-org/ubuntu:24.04@sha256:5348eb7725294e8090c15b7b495e517f82f4b31497d3bb9de71bbe37476e7454 0.0s done
#5 DONE 0.0s

#6 [internal] load build context
#6 transferring context: 737B done
#6 DONE 0.0s

#7 [2/5] RUN     echo "**** install runtime packages ****" &&     apt-get update &&     apt-get install -y --no-install-recommends         logrotate         mariadb-server         mariadb-backup         mariadb-client         mariadb-common         mariadb-server-core &&     echo "**** cleanup ****" &&     apt-get clean &&     rm -rf         /var/lib/apt/lists/*         /tmp/*         /config/.cache
#7 CACHED

#8 [3/5] COPY . /
#8 DONE 0.0s

#9 [4/5] COPY ./root /
#9 DONE 0.0s

#10 [5/5] WORKDIR /config
#10 DONE 0.0s

#11 exporting to image
#11 exporting layers 0.0s done
#11 exporting manifest sha256:8f7a8c4e740a8b44d539986b7072e684ddb27f30de873ae9e0ce2168f9cadae0 done
#11 exporting config sha256:637cefe59028d4b2b4036fe4e5b95991f43f9e6e80b954348fdcaa2b9be92f79 done
#11 exporting attestation manifest sha256:7453128c9496f660b7510c2ebb5cad89a781b1375b845ba5e1072792100d11b9 done
#11 exporting manifest list sha256:510891bbd3c875fbd04f60168a51a89e01b0996346636c2f568099d0a683a3e0 done
#11 naming to docker.io/library/mariadb:11.4.8-r0 done
#11 unpacking to docker.io/library/mariadb:11.4.8-r0 0.0s done
#11 DONE 0.1s
