#0 building with "default" instance using docker driver

#1 [internal] load build definition from Dockerfile
#1 transferring dockerfile: 1.04kB done
#1 DONE 0.0s

#2 [internal] load metadata for ghcr.io/trueforge-org/node:22.22.0
#2 DONE 0.3s

#3 [internal] load .dockerignore
#3 transferring context: 2B done
#3 DONE 0.0s

#4 [1/5] FROM ghcr.io/trueforge-org/node:22.22.0@sha256:b003160352643fa8b3341f2550c484d1ec754078df700f7a87948584e0a5939c
#4 resolve ghcr.io/trueforge-org/node:22.22.0@sha256:b003160352643fa8b3341f2550c484d1ec754078df700f7a87948584e0a5939c 0.0s done
#4 CACHED

#5 [internal] load build context
#5 transferring context: 4.80kB done
#5 DONE 0.0s

#6 [2/5] RUN   echo "**** install runtime packages ****" &&   apt-get update && apt-get install -y --no-install-recommends     openssl &&   echo "**** install app ****" &&   mkdir -p     /app/mstream &&   curl -o     /tmp/mstream.tar.gz -L     "https://github.com/IrosTheBeggar/mStream/archive/v${VERSION}.tar.gz" &&   tar xzf     /tmp/mstream.tar.gz -C     /app/mstream/ --strip-components=1 &&   cd /app/mstream &&   chown -R apps:apps ./ &&   su -s /bin/sh apps -c 'HOME=/tmp npm install --omit=dev' &&   npm link &&   echo "**** cleanup ****" &&   rm -rf /app/mstream/save/sync &&   ln -s /config/sync /app/mstream/save/sync &&   apt-get autoremove -y &&   rm -rf     /config/.cache     /config/.npm     /tmp/*     /tmp/.npm
#6 0.144 **** install runtime packages ****
#6 0.325 Get:1 http://archive.ubuntu.com/ubuntu noble InRelease [256 kB]
#6 0.326 Get:2 http://security.ubuntu.com/ubuntu noble-security InRelease [126 kB]
#6 0.737 Get:3 http://security.ubuntu.com/ubuntu noble-security/universe amd64 Packages [1,205 kB]
#6 0.756 Get:4 http://archive.ubuntu.com/ubuntu noble-updates InRelease [126 kB]
#6 0.864 Get:5 http://archive.ubuntu.com/ubuntu noble-backports InRelease [126 kB]
#6 0.972 Get:6 http://archive.ubuntu.com/ubuntu noble/restricted amd64 Packages [117 kB]
#6 1.078 Get:7 http://archive.ubuntu.com/ubuntu noble/multiverse amd64 Packages [331 kB]
#6 1.101 Get:8 http://security.ubuntu.com/ubuntu noble-security/multiverse amd64 Packages [34.8 kB]
#6 1.185 Get:9 http://security.ubuntu.com/ubuntu noble-security/main amd64 Packages [1,829 kB]
#6 1.232 Get:10 http://archive.ubuntu.com/ubuntu noble/universe amd64 Packages [19.3 MB]
#6 1.363 Get:11 http://security.ubuntu.com/ubuntu noble-security/restricted amd64 Packages [3,122 kB]
#6 1.885 Get:12 http://archive.ubuntu.com/ubuntu noble/main amd64 Packages [1,808 kB]
#6 1.975 Get:13 http://archive.ubuntu.com/ubuntu noble-updates/restricted amd64 Packages [3,330 kB]
#6 2.074 Get:14 http://archive.ubuntu.com/ubuntu noble-updates/main amd64 Packages [2,218 kB]
#6 2.166 Get:15 http://archive.ubuntu.com/ubuntu noble-updates/universe amd64 Packages [2,014 kB]
#6 2.257 Get:16 http://archive.ubuntu.com/ubuntu noble-updates/multiverse amd64 Packages [38.1 kB]
#6 2.336 Get:17 http://archive.ubuntu.com/ubuntu noble-backports/main amd64 Packages [49.5 kB]
#6 2.415 Get:18 http://archive.ubuntu.com/ubuntu noble-backports/universe amd64 Packages [34.6 kB]
#6 2.740 Fetched 36.1 MB in 3s (14.1 MB/s)
#6 2.740 Reading package lists...
#6 3.481 Reading package lists...
#6 4.215 Building dependency tree...
#6 4.356 Reading state information...
#6 4.518 openssl is already the newest version (3.0.13-0ubuntu3.7).
#6 4.518 openssl set to manually installed.
#6 4.518 0 upgraded, 0 newly installed, 0 to remove and 5 not upgraded.
#6 4.519 **** install app ****
#6 4.526   % Total    % Received % Xferd  Average Speed   Time    Time     Time  Current
#6 4.526                                  Dload  Upload   Total   Spent    Left  Speed
#6 4.526   0     0    0     0    0     0      0      0 --:--:-- --:--:-- --:--:--     0  0     0    0     0    0     0      0      0 --:--:-- --:--:-- --:--:--     0
#6 4.923 100    14  100    14    0     0     35      0 --:--:-- --:--:-- --:--:--    35
#6 4.927 
#6 4.927 gzip: stdin: not in gzip format
#6 4.927 tar: Child returned status 1
#6 4.927 tar: Error is not recoverable: exiting now
#6 ERROR: process "/bin/bash -o pipefail -c echo \"**** install runtime packages ****\" &&   apt-get update && apt-get install -y --no-install-recommends     openssl &&   echo \"**** install app ****\" &&   mkdir -p     /app/mstream &&   curl -o     /tmp/mstream.tar.gz -L     \"https://github.com/IrosTheBeggar/mStream/archive/v${VERSION}.tar.gz\" &&   tar xzf     /tmp/mstream.tar.gz -C     /app/mstream/ --strip-components=1 &&   cd /app/mstream &&   chown -R apps:apps ./ &&   su -s /bin/sh apps -c 'HOME=/tmp npm install --omit=dev' &&   npm link &&   echo \"**** cleanup ****\" &&   rm -rf /app/mstream/save/sync &&   ln -s /config/sync /app/mstream/save/sync &&   apt-get autoremove -y &&   rm -rf     $HOME/.cache     $HOME/.npm     /tmp/*     /tmp/.npm" did not complete successfully: exit code: 2
------
 > [2/5] RUN   echo "**** install runtime packages ****" &&   apt-get update && apt-get install -y --no-install-recommends     openssl &&   echo "**** install app ****" &&   mkdir -p     /app/mstream &&   curl -o     /tmp/mstream.tar.gz -L     "https://github.com/IrosTheBeggar/mStream/archive/v${VERSION}.tar.gz" &&   tar xzf     /tmp/mstream.tar.gz -C     /app/mstream/ --strip-components=1 &&   cd /app/mstream &&   chown -R apps:apps ./ &&   su -s /bin/sh apps -c 'HOME=/tmp npm install --omit=dev' &&   npm link &&   echo "**** cleanup ****" &&   rm -rf /app/mstream/save/sync &&   ln -s /config/sync /app/mstream/save/sync &&   apt-get autoremove -y &&   rm -rf     /config/.cache     /config/.npm     /tmp/*     /tmp/.npm:


4.518 openssl is already the newest version (3.0.13-0ubuntu3.7).
4.518 openssl set to manually installed.
4.518 0 upgraded, 0 newly installed, 0 to remove and 5 not upgraded.

4.927 
4.927 gzip: stdin: not in gzip format
4.927 tar: Child returned status 1
4.927 tar: Error is not recoverable: exiting now
------
Dockerfile:10
--------------------
   9 |     
  10 | >>> RUN \
  11 | >>>   echo "**** install runtime packages ****" && \
  12 | >>>   apt-get update && apt-get install -y --no-install-recommends \
  13 | >>>     openssl && \
  14 | >>>   echo "**** install app ****" && \
  15 | >>>   mkdir -p \
  16 | >>>     /app/mstream && \
  17 | >>>   curl -o \
  18 | >>>     /tmp/mstream.tar.gz -L \
  19 | >>>     "https://github.com/IrosTheBeggar/mStream/archive/v${VERSION}.tar.gz" && \
  20 | >>>   tar xzf \
  21 | >>>     /tmp/mstream.tar.gz -C \
  22 | >>>     /app/mstream/ --strip-components=1 && \
  23 | >>>   cd /app/mstream && \
  24 | >>>   chown -R apps:apps ./ && \
  25 | >>>   su -s /bin/sh apps -c 'HOME=/tmp npm install --omit=dev' && \
  26 | >>>   npm link && \
  27 | >>>   echo "**** cleanup ****" && \
  28 | >>>   rm -rf /app/mstream/save/sync && \
  29 | >>>   ln -s /config/sync /app/mstream/save/sync && \
  30 | >>>   apt-get autoremove -y && \
  31 | >>>   rm -rf \
  32 | >>>     $HOME/.cache \
  33 | >>>     $HOME/.npm \
  34 | >>>     /tmp/* \
  35 | >>>     /tmp/.npm
  36 |     
--------------------
ERROR: failed to build: failed to solve: process "/bin/bash -o pipefail -c echo \"**** install runtime packages ****\" &&   apt-get update && apt-get install -y --no-install-recommends     openssl &&   echo \"**** install app ****\" &&   mkdir -p     /app/mstream &&   curl -o     /tmp/mstream.tar.gz -L     \"https://github.com/IrosTheBeggar/mStream/archive/v${VERSION}.tar.gz\" &&   tar xzf     /tmp/mstream.tar.gz -C     /app/mstream/ --strip-components=1 &&   cd /app/mstream &&   chown -R apps:apps ./ &&   su -s /bin/sh apps -c 'HOME=/tmp npm install --omit=dev' &&   npm link &&   echo \"**** cleanup ****\" &&   rm -rf /app/mstream/save/sync &&   ln -s /config/sync /app/mstream/save/sync &&   apt-get autoremove -y &&   rm -rf     $HOME/.cache     $HOME/.npm     /tmp/*     /tmp/.npm" did not complete successfully: exit code: 2
