#0 building with "default" instance using docker driver

#1 [internal] load build definition from Dockerfile
#1 transferring dockerfile: 1.19kB done
#1 DONE 0.0s

#2 [internal] load metadata for ghcr.io/trueforge-org/python:3.13.12
#2 DONE 0.1s

#3 [internal] load .dockerignore
#3 transferring context: 2B done
#3 DONE 0.0s

#4 [1/5] FROM ghcr.io/trueforge-org/python:3.13.12@sha256:d9b5d12c8e22d9b84df211da15c73e7e2b36441675f00bba2c706f93526c602b
#4 resolve ghcr.io/trueforge-org/python:3.13.12@sha256:d9b5d12c8e22d9b84df211da15c73e7e2b36441675f00bba2c706f93526c602b 0.0s done
#4 CACHED

#5 [internal] load build context
#5 transferring context: 8.35kB done
#5 DONE 0.0s

#6 [2/5] RUN   echo "**** install build packages ****" &&   apt-get update && apt-get install -y --no-install-recommends     build-essential &&   apt-get install -y --no-install-recommends     git     nodejs     npm     openssh &&   echo "**** install wiki.js ****" &&   mkdir -p /app/wiki &&   if [ -z ${WIKIJS_RELEASE} ]; then     WIKIJS_RELEASE=$(curl -sX GET "https://api.github.com/repos/Requarks/wiki/releases/latest"     | awk '/tag_name/{print $4;exit}' FS='[""]');   fi &&   curl -o     /tmp/wiki.tar.gz -L     "https://github.com/Requarks/wiki/releases/download/${WIKIJS_RELEASE}/wiki-js.tar.gz" &&   tar xf     /tmp/wiki.tar.gz -C     /app/wiki/ &&   cd /app/wiki &&   npm rebuild sqlite3 &&   echo "**** cleanup ****" &&   apt-get autoremove -y &&   rm -rf     /app/.cache     /tmp/*
#6 0.147 **** install build packages ****
#6 0.315 Get:1 http://archive.ubuntu.com/ubuntu noble InRelease [256 kB]
#6 0.461 Get:2 http://archive.ubuntu.com/ubuntu noble-updates InRelease [126 kB]
#6 0.600 Get:3 http://security.ubuntu.com/ubuntu noble-security InRelease [126 kB]
#6 0.605 Get:4 http://archive.ubuntu.com/ubuntu noble-backports InRelease [126 kB]
#6 0.752 Get:5 http://archive.ubuntu.com/ubuntu noble/restricted amd64 Packages [117 kB]
#6 0.897 Get:6 http://archive.ubuntu.com/ubuntu noble/main amd64 Packages [1,808 kB]
#6 1.063 Get:7 http://archive.ubuntu.com/ubuntu noble/multiverse amd64 Packages [331 kB]
#6 1.210 Get:8 http://archive.ubuntu.com/ubuntu noble/universe amd64 Packages [19.3 MB]
#6 1.283 Get:9 http://security.ubuntu.com/ubuntu noble-security/restricted amd64 Packages [3,122 kB]
#6 1.987 Get:10 http://archive.ubuntu.com/ubuntu noble-updates/universe amd64 Packages [2,014 kB]
#6 2.131 Get:11 http://security.ubuntu.com/ubuntu noble-security/main amd64 Packages [1,829 kB]
#6 2.196 Get:12 http://archive.ubuntu.com/ubuntu noble-updates/main amd64 Packages [2,218 kB]
#6 2.330 Get:13 http://security.ubuntu.com/ubuntu noble-security/multiverse amd64 Packages [34.8 kB]
#6 2.412 Get:14 http://archive.ubuntu.com/ubuntu noble-updates/multiverse amd64 Packages [38.1 kB]
#6 2.473 Get:15 http://security.ubuntu.com/ubuntu noble-security/universe amd64 Packages [1,205 kB]
#6 2.557 Get:16 http://archive.ubuntu.com/ubuntu noble-updates/restricted amd64 Packages [3,330 kB]
#6 2.809 Get:17 http://archive.ubuntu.com/ubuntu noble-backports/universe amd64 Packages [34.6 kB]
#6 2.954 Get:18 http://archive.ubuntu.com/ubuntu noble-backports/main amd64 Packages [49.5 kB]
#6 2.973 Fetched 36.1 MB in 3s (12.9 MB/s)
#6 2.973 Reading package lists...
#6 3.699 Reading package lists...
#6 4.431 Building dependency tree...
#6 4.578 Reading state information...
#6 4.740 build-essential is already the newest version (12.10ubuntu1).
#6 4.740 0 upgraded, 0 newly installed, 0 to remove and 24 not upgraded.
#6 4.748 Reading package lists...
#6 5.474 Building dependency tree...
#6 5.620 Reading state information...
#6 5.634 E: Unable to locate package openssh
#6 ERROR: process "/bin/bash -o pipefail -c echo \"**** install build packages ****\" &&   apt-get update && apt-get install -y --no-install-recommends     build-essential &&   apt-get install -y --no-install-recommends     git     nodejs     npm     openssh &&   echo \"**** install wiki.js ****\" &&   mkdir -p /app/wiki &&   if [ -z ${WIKIJS_RELEASE} ]; then     WIKIJS_RELEASE=$(curl -sX GET \"https://api.github.com/repos/Requarks/wiki/releases/latest\"     | awk '/tag_name/{print $4;exit}' FS='[\"\"]');   fi &&   curl -o     /tmp/wiki.tar.gz -L     \"https://github.com/Requarks/wiki/releases/download/${WIKIJS_RELEASE}/wiki-js.tar.gz\" &&   tar xf     /tmp/wiki.tar.gz -C     /app/wiki/ &&   cd /app/wiki &&   npm rebuild sqlite3 &&   echo \"**** cleanup ****\" &&   apt-get autoremove -y &&   rm -rf     $HOME/.cache     /tmp/*" did not complete successfully: exit code: 100
------
 > [2/5] RUN   echo "**** install build packages ****" &&   apt-get update && apt-get install -y --no-install-recommends     build-essential &&   apt-get install -y --no-install-recommends     git     nodejs     npm     openssh &&   echo "**** install wiki.js ****" &&   mkdir -p /app/wiki &&   if [ -z ${WIKIJS_RELEASE} ]; then     WIKIJS_RELEASE=$(curl -sX GET "https://api.github.com/repos/Requarks/wiki/releases/latest"     | awk '/tag_name/{print $4;exit}' FS='[""]');   fi &&   curl -o     /tmp/wiki.tar.gz -L     "https://github.com/Requarks/wiki/releases/download/${WIKIJS_RELEASE}/wiki-js.tar.gz" &&   tar xf     /tmp/wiki.tar.gz -C     /app/wiki/ &&   cd /app/wiki &&   npm rebuild sqlite3 &&   echo "**** cleanup ****" &&   apt-get autoremove -y &&   rm -rf     /app/.cache     /tmp/*:
2.809 Get:17 http://archive.ubuntu.com/ubuntu noble-backports/universe amd64 Packages [34.6 kB]
2.954 Get:18 http://archive.ubuntu.com/ubuntu noble-backports/main amd64 Packages [49.5 kB]



4.740 build-essential is already the newest version (12.10ubuntu1).
4.740 0 upgraded, 0 newly installed, 0 to remove and 24 not upgraded.


5.634 E: Unable to locate package openssh
------
Dockerfile:14
--------------------
  13 |     
  14 | >>> RUN \
  15 | >>>   echo "**** install build packages ****" && \
  16 | >>>   apt-get update && apt-get install -y --no-install-recommends \
  17 | >>>     build-essential && \
  18 | >>>   apt-get install -y --no-install-recommends \
  19 | >>>     git \
  20 | >>>     nodejs \
  21 | >>>     npm \
  22 | >>>     openssh && \
  23 | >>>   echo "**** install wiki.js ****" && \
  24 | >>>   mkdir -p /app/wiki && \
  25 | >>>   if [ -z ${WIKIJS_RELEASE} ]; then \
  26 | >>>     WIKIJS_RELEASE=$(curl -sX GET "https://api.github.com/repos/Requarks/wiki/releases/latest" \
  27 | >>>     | awk '/tag_name/{print $4;exit}' FS='[""]'); \
  28 | >>>   fi && \
  29 | >>>   curl -o \
  30 | >>>     /tmp/wiki.tar.gz -L \
  31 | >>>     "https://github.com/Requarks/wiki/releases/download/${WIKIJS_RELEASE}/wiki-js.tar.gz" && \
  32 | >>>   tar xf \
  33 | >>>     /tmp/wiki.tar.gz -C \
  34 | >>>     /app/wiki/ && \
  35 | >>>   cd /app/wiki && \
  36 | >>>   npm rebuild sqlite3 && \
  37 | >>>   echo "**** cleanup ****" && \
  38 | >>>   apt-get autoremove -y && \
  39 | >>>   rm -rf \
  40 | >>>     $HOME/.cache \
  41 | >>>     /tmp/*
  42 |     
--------------------
ERROR: failed to build: failed to solve: process "/bin/bash -o pipefail -c echo \"**** install build packages ****\" &&   apt-get update && apt-get install -y --no-install-recommends     build-essential &&   apt-get install -y --no-install-recommends     git     nodejs     npm     openssh &&   echo \"**** install wiki.js ****\" &&   mkdir -p /app/wiki &&   if [ -z ${WIKIJS_RELEASE} ]; then     WIKIJS_RELEASE=$(curl -sX GET \"https://api.github.com/repos/Requarks/wiki/releases/latest\"     | awk '/tag_name/{print $4;exit}' FS='[\"\"]');   fi &&   curl -o     /tmp/wiki.tar.gz -L     \"https://github.com/Requarks/wiki/releases/download/${WIKIJS_RELEASE}/wiki-js.tar.gz\" &&   tar xf     /tmp/wiki.tar.gz -C     /app/wiki/ &&   cd /app/wiki &&   npm rebuild sqlite3 &&   echo \"**** cleanup ****\" &&   apt-get autoremove -y &&   rm -rf     $HOME/.cache     /tmp/*" did not complete successfully: exit code: 100
