#0 building with "default" instance using docker driver

#1 [internal] load build definition from Dockerfile
#1 DONE 0.0s

#1 [internal] load build definition from Dockerfile
#1 transferring dockerfile: 481B done
#1 DONE 0.0s

#2 [internal] load metadata for ghcr.io/trueforge-org/ubuntu:24.04
#2 DONE 0.3s

#3 [internal] load .dockerignore
#3 transferring context: 2B done
#3 DONE 0.0s

#4 [1/5] FROM ghcr.io/trueforge-org/ubuntu:24.04@sha256:5348eb7725294e8090c15b7b495e517f82f4b31497d3bb9de71bbe37476e7454
#4 resolve ghcr.io/trueforge-org/ubuntu:24.04@sha256:5348eb7725294e8090c15b7b495e517f82f4b31497d3bb9de71bbe37476e7454 0.0s done
#4 CACHED

#5 [internal] load build context
#5 transferring context: 17.50kB done
#5 DONE 0.0s

#6 [2/5] RUN   echo "**** install packages ****" &&   apt-get update && apt-get install -y --no-install-recommends     ngircd==${VERSION}     ngircd-doc==${VERSION} &&   echo "**** cleanup ****" &&   rm -rf     /tmp/*
#6 0.175 **** install packages ****
#6 0.280 Get:1 http://archive.ubuntu.com/ubuntu noble InRelease [256 kB]
#6 0.358 Get:2 http://security.ubuntu.com/ubuntu noble-security InRelease [126 kB]
#6 0.362 Get:3 http://archive.ubuntu.com/ubuntu noble-updates InRelease [126 kB]
#6 0.442 Get:4 http://archive.ubuntu.com/ubuntu noble-backports InRelease [126 kB]
#6 0.524 Get:5 http://archive.ubuntu.com/ubuntu noble/restricted amd64 Packages [117 kB]
#6 0.570 Get:6 http://security.ubuntu.com/ubuntu noble-security/universe amd64 Packages [1,205 kB]
#6 0.604 Get:7 http://archive.ubuntu.com/ubuntu noble/main amd64 Packages [1,808 kB]
#6 0.695 Get:8 http://archive.ubuntu.com/ubuntu noble/multiverse amd64 Packages [331 kB]
#6 0.772 Get:9 http://security.ubuntu.com/ubuntu noble-security/multiverse amd64 Packages [34.8 kB]
#6 0.776 Get:10 http://archive.ubuntu.com/ubuntu noble/universe amd64 Packages [19.3 MB]
#6 0.930 Get:11 http://security.ubuntu.com/ubuntu noble-security/main amd64 Packages [1,829 kB]
#6 1.153 Get:12 http://security.ubuntu.com/ubuntu noble-security/restricted amd64 Packages [3,122 kB]
#6 1.205 Get:13 http://archive.ubuntu.com/ubuntu noble-updates/universe amd64 Packages [2,014 kB]
#6 1.321 Get:14 http://archive.ubuntu.com/ubuntu noble-updates/main amd64 Packages [2,218 kB]
#6 1.440 Get:15 http://archive.ubuntu.com/ubuntu noble-updates/restricted amd64 Packages [3,330 kB]
#6 1.578 Get:16 http://archive.ubuntu.com/ubuntu noble-updates/multiverse amd64 Packages [38.1 kB]
#6 1.658 Get:17 http://archive.ubuntu.com/ubuntu noble-backports/universe amd64 Packages [34.6 kB]
#6 1.738 Get:18 http://archive.ubuntu.com/ubuntu noble-backports/main amd64 Packages [49.5 kB]
#6 2.103 Fetched 36.1 MB in 2s (19.0 MB/s)
#6 2.103 Reading package lists...
#6 2.860 Reading package lists...
#6 3.584 Building dependency tree...
#6 3.733 Reading state information...
#6 3.747 E: Unable to locate package ngircd=
#6 3.747 E: Unable to locate package ngircd-doc=
#6 ERROR: process "/bin/bash -o pipefail -c echo \"**** install packages ****\" &&   apt-get update && apt-get install -y --no-install-recommends     ngircd==${VERSION}     ngircd-doc==${VERSION} &&   echo \"**** cleanup ****\" &&   rm -rf     /tmp/*" did not complete successfully: exit code: 100
------
 > [2/5] RUN   echo "**** install packages ****" &&   apt-get update && apt-get install -y --no-install-recommends     ngircd==${VERSION}     ngircd-doc==${VERSION} &&   echo "**** cleanup ****" &&   rm -rf     /tmp/*:
1.321 Get:14 http://archive.ubuntu.com/ubuntu noble-updates/main amd64 Packages [2,218 kB]
1.440 Get:15 http://archive.ubuntu.com/ubuntu noble-updates/restricted amd64 Packages [3,330 kB]
1.578 Get:16 http://archive.ubuntu.com/ubuntu noble-updates/multiverse amd64 Packages [38.1 kB]
1.658 Get:17 http://archive.ubuntu.com/ubuntu noble-backports/universe amd64 Packages [34.6 kB]
1.738 Get:18 http://archive.ubuntu.com/ubuntu noble-backports/main amd64 Packages [49.5 kB]



3.747 E: Unable to locate package ngircd=
3.747 E: Unable to locate package ngircd-doc=
------
Dockerfile:9
--------------------
   8 |     
   9 | >>> RUN \
  10 | >>>   echo "**** install packages ****" && \
  11 | >>>   apt-get update && apt-get install -y --no-install-recommends \
  12 | >>>     ngircd==${VERSION} \
  13 | >>>     ngircd-doc==${VERSION} && \
  14 | >>>   echo "**** cleanup ****" && \
  15 | >>>   rm -rf \
  16 | >>>     /tmp/*
  17 |     
--------------------
ERROR: failed to build: failed to solve: process "/bin/bash -o pipefail -c echo \"**** install packages ****\" &&   apt-get update && apt-get install -y --no-install-recommends     ngircd==${VERSION}     ngircd-doc==${VERSION} &&   echo \"**** cleanup ****\" &&   rm -rf     /tmp/*" did not complete successfully: exit code: 100
