#0 building with "default" instance using docker driver

#1 [internal] load build definition from Dockerfile
#1 transferring dockerfile: 1.59kB done
#1 DONE 0.0s

#2 [internal] load metadata for ghcr.io/trueforge-org/python:3.13.12
#2 DONE 0.2s

#3 [internal] load .dockerignore
#3 transferring context: 2B done
#3 DONE 0.0s

#4 [1/4] FROM ghcr.io/trueforge-org/python:3.13.12@sha256:d9b5d12c8e22d9b84df211da15c73e7e2b36441675f00bba2c706f93526c602b
#4 resolve ghcr.io/trueforge-org/python:3.13.12@sha256:d9b5d12c8e22d9b84df211da15c73e7e2b36441675f00bba2c706f93526c602b 0.0s done
#4 CACHED

#5 [internal] load build context
#5 transferring context: 3.79kB done
#5 DONE 0.0s

#6 [2/4] RUN   echo "**** install build packages ****" &&   apt-get update && apt-get install -y --no-install-recommends     autoconf     automake     build-essential     cargo     libfreetype-dev     libjpeg-dev     liblcms2-dev     libffi-dev     libpng-dev     libwebp-dev     libxml2-dev     libxslt-dev     linux-headers-generic     openjpeg-dev     libssl-dev     tiff-dev     zlib-dev &&   echo "**** install runtime packages ****" &&   apt-get update && apt-get install -y --no-install-recommends     vnstat &&   echo "**** install app ****" &&   mkdir -p /app/htpcmanager &&   curl -s -o     /tmp/htpc.tar.gz -L     "https://github.com/HTPC-Manager/HTPC-Manager/archive/${VERSION}.tar.gz" &&   tar xf     /tmp/htpc.tar.gz -C     /app/htpcmanager --strip-components=1 &&   echo "**** install pip packages ****" &&   sed -i -e '/psutil\|pyopenssl\|pySMART/d' /app/htpcmanager/requirements.txt &&   python3 -m venv /config/venv &&   pip install -U --no-cache-dir     pip     wheel &&   pip install --no-cache-dir --find-links https://wheel-index.linuxserver.io/alpine-3.20/ -r /app/htpcmanager/requirements.txt &&   echo ${VERSION} > /app/htpcmanager/VERSION.txt &&   echo "**** cleanup ****" &&   apt-get autoremove -y &&   rm -rf     /config/.cache     /tmp/*
#6 0.146 **** install build packages ****
#6 0.450 Get:1 http://security.ubuntu.com/ubuntu noble-security InRelease [126 kB]
#6 0.478 Get:2 http://archive.ubuntu.com/ubuntu noble InRelease [256 kB]
#6 1.124 Get:3 http://security.ubuntu.com/ubuntu noble-security/main amd64 Packages [1,829 kB]
#6 1.318 Get:4 http://archive.ubuntu.com/ubuntu noble-updates InRelease [126 kB]
#6 1.525 Get:5 http://archive.ubuntu.com/ubuntu noble-backports InRelease [126 kB]
#6 1.734 Get:6 http://archive.ubuntu.com/ubuntu noble/multiverse amd64 Packages [331 kB]
#6 1.852 Get:7 http://security.ubuntu.com/ubuntu noble-security/restricted amd64 Packages [3,122 kB]
#6 2.034 Get:8 http://archive.ubuntu.com/ubuntu noble/restricted amd64 Packages [117 kB]
#6 2.188 Get:9 http://security.ubuntu.com/ubuntu noble-security/universe amd64 Packages [1,205 kB]
#6 2.222 Get:10 http://archive.ubuntu.com/ubuntu noble/main amd64 Packages [1,808 kB]
#6 2.356 Get:11 http://security.ubuntu.com/ubuntu noble-security/multiverse amd64 Packages [34.8 kB]
#6 2.772 Get:12 http://archive.ubuntu.com/ubuntu noble/universe amd64 Packages [19.3 MB]
#6 3.710 Get:13 http://archive.ubuntu.com/ubuntu noble-updates/multiverse amd64 Packages [38.1 kB]
#6 3.862 Get:14 http://archive.ubuntu.com/ubuntu noble-updates/restricted amd64 Packages [3,330 kB]
#6 4.053 Get:15 http://archive.ubuntu.com/ubuntu noble-updates/main amd64 Packages [2,218 kB]
#6 4.231 Get:16 http://archive.ubuntu.com/ubuntu noble-updates/universe amd64 Packages [2,014 kB]
#6 4.406 Get:17 http://archive.ubuntu.com/ubuntu noble-backports/universe amd64 Packages [34.6 kB]
#6 4.558 Get:18 http://archive.ubuntu.com/ubuntu noble-backports/main amd64 Packages [49.5 kB]
#6 4.577 Fetched 36.1 MB in 4s (8,197 kB/s)
#6 4.577 Reading package lists...
#6 5.309 Reading package lists...
#6 6.030 Building dependency tree...
#6 6.176 Reading state information...
#6 6.190 E: Unable to locate package openjpeg-dev
#6 6.190 E: Unable to locate package tiff-dev
#6 6.190 E: Unable to locate package zlib-dev
#6 ERROR: process "/bin/bash -o pipefail -c echo \"**** install build packages ****\" &&   apt-get update && apt-get install -y --no-install-recommends     autoconf     automake     build-essential     cargo     libfreetype-dev     libjpeg-dev     liblcms2-dev     libffi-dev     libpng-dev     libwebp-dev     libxml2-dev     libxslt-dev     linux-headers-generic     openjpeg-dev     libssl-dev     tiff-dev     zlib-dev &&   echo \"**** install runtime packages ****\" &&   apt-get update && apt-get install -y --no-install-recommends     vnstat &&   echo \"**** install app ****\" &&   mkdir -p /app/htpcmanager &&   curl -s -o     /tmp/htpc.tar.gz -L     \"https://github.com/HTPC-Manager/HTPC-Manager/archive/${VERSION}.tar.gz\" &&   tar xf     /tmp/htpc.tar.gz -C     /app/htpcmanager --strip-components=1 &&   echo \"**** install pip packages ****\" &&   sed -i -e '/psutil\\|pyopenssl\\|pySMART/d' /app/htpcmanager/requirements.txt &&   python3 -m venv /config/venv &&   pip install -U --no-cache-dir     pip     wheel &&   pip install --no-cache-dir --find-links https://wheel-index.linuxserver.io/alpine-3.20/ -r /app/htpcmanager/requirements.txt &&   echo ${VERSION} > /app/htpcmanager/VERSION.txt &&   echo \"**** cleanup ****\" &&   apt-get autoremove -y &&   rm -rf     $HOME/.cache     /tmp/*" did not complete successfully: exit code: 100
------
 > [2/4] RUN   echo "**** install build packages ****" &&   apt-get update && apt-get install -y --no-install-recommends     autoconf     automake     build-essential     cargo     libfreetype-dev     libjpeg-dev     liblcms2-dev     libffi-dev     libpng-dev     libwebp-dev     libxml2-dev     libxslt-dev     linux-headers-generic     openjpeg-dev     libssl-dev     tiff-dev     zlib-dev &&   echo "**** install runtime packages ****" &&   apt-get update && apt-get install -y --no-install-recommends     vnstat &&   echo "**** install app ****" &&   mkdir -p /app/htpcmanager &&   curl -s -o     /tmp/htpc.tar.gz -L     "https://github.com/HTPC-Manager/HTPC-Manager/archive/${VERSION}.tar.gz" &&   tar xf     /tmp/htpc.tar.gz -C     /app/htpcmanager --strip-components=1 &&   echo "**** install pip packages ****" &&   sed -i -e '/psutil\|pyopenssl\|pySMART/d' /app/htpcmanager/requirements.txt &&   python3 -m venv /config/venv &&   pip install -U --no-cache-dir     pip     wheel &&   pip install --no-cache-dir --find-links https://wheel-index.linuxserver.io/alpine-3.20/ -r /app/htpcmanager/requirements.txt &&   echo ${VERSION} > /app/htpcmanager/VERSION.txt &&   echo "**** cleanup ****" &&   apt-get autoremove -y &&   rm -rf     /config/.cache     /tmp/*:
4.053 Get:15 http://archive.ubuntu.com/ubuntu noble-updates/main amd64 Packages [2,218 kB]
4.231 Get:16 http://archive.ubuntu.com/ubuntu noble-updates/universe amd64 Packages [2,014 kB]
4.406 Get:17 http://archive.ubuntu.com/ubuntu noble-backports/universe amd64 Packages [34.6 kB]
4.558 Get:18 http://archive.ubuntu.com/ubuntu noble-backports/main amd64 Packages [49.5 kB]



6.190 E: Unable to locate package openjpeg-dev
6.190 E: Unable to locate package tiff-dev
6.190 E: Unable to locate package zlib-dev
------
Dockerfile:8
--------------------
   7 |     
   8 | >>> RUN \
   9 | >>>   echo "**** install build packages ****" && \
  10 | >>>   apt-get update && apt-get install -y --no-install-recommends \
  11 | >>>     autoconf \
  12 | >>>     automake \
  13 | >>>     build-essential \
  14 | >>>     cargo \
  15 | >>>     libfreetype-dev \
  16 | >>>     libjpeg-dev \
  17 | >>>     liblcms2-dev \
  18 | >>>     libffi-dev \
  19 | >>>     libpng-dev \
  20 | >>>     libwebp-dev \
  21 | >>>     libxml2-dev \
  22 | >>>     libxslt-dev \
  23 | >>>     linux-headers-generic \
  24 | >>>     openjpeg-dev \
  25 | >>>     libssl-dev \
  26 | >>>     tiff-dev \
  27 | >>>     zlib-dev && \
  28 | >>>   echo "**** install runtime packages ****" && \
  29 | >>>   apt-get update && apt-get install -y --no-install-recommends \
  30 | >>>     vnstat && \
  31 | >>>   echo "**** install app ****" && \
  32 | >>>   mkdir -p /app/htpcmanager && \
  33 | >>>   curl -s -o \
  34 | >>>     /tmp/htpc.tar.gz -L \
  35 | >>>     "https://github.com/HTPC-Manager/HTPC-Manager/archive/${VERSION}.tar.gz" && \
  36 | >>>   tar xf \
  37 | >>>     /tmp/htpc.tar.gz -C \
  38 | >>>     /app/htpcmanager --strip-components=1 && \
  39 | >>>   echo "**** install pip packages ****" && \
  40 | >>>   sed -i -e '/psutil\|pyopenssl\|pySMART/d' /app/htpcmanager/requirements.txt && \
  41 | >>>   python3 -m venv /config/venv && \
  42 | >>>   pip install -U --no-cache-dir \
  43 | >>>     pip \
  44 | >>>     wheel && \
  45 | >>>   pip install --no-cache-dir --find-links https://wheel-index.linuxserver.io/alpine-3.20/ -r /app/htpcmanager/requirements.txt && \
  46 | >>>   echo ${VERSION} > /app/htpcmanager/VERSION.txt && \
  47 | >>>   echo "**** cleanup ****" && \
  48 | >>>   apt-get autoremove -y && \
  49 | >>>   rm -rf \
  50 | >>>     $HOME/.cache \
  51 | >>>     /tmp/*
  52 |     
--------------------
ERROR: failed to build: failed to solve: process "/bin/bash -o pipefail -c echo \"**** install build packages ****\" &&   apt-get update && apt-get install -y --no-install-recommends     autoconf     automake     build-essential     cargo     libfreetype-dev     libjpeg-dev     liblcms2-dev     libffi-dev     libpng-dev     libwebp-dev     libxml2-dev     libxslt-dev     linux-headers-generic     openjpeg-dev     libssl-dev     tiff-dev     zlib-dev &&   echo \"**** install runtime packages ****\" &&   apt-get update && apt-get install -y --no-install-recommends     vnstat &&   echo \"**** install app ****\" &&   mkdir -p /app/htpcmanager &&   curl -s -o     /tmp/htpc.tar.gz -L     \"https://github.com/HTPC-Manager/HTPC-Manager/archive/${VERSION}.tar.gz\" &&   tar xf     /tmp/htpc.tar.gz -C     /app/htpcmanager --strip-components=1 &&   echo \"**** install pip packages ****\" &&   sed -i -e '/psutil\\|pyopenssl\\|pySMART/d' /app/htpcmanager/requirements.txt &&   python3 -m venv /config/venv &&   pip install -U --no-cache-dir     pip     wheel &&   pip install --no-cache-dir --find-links https://wheel-index.linuxserver.io/alpine-3.20/ -r /app/htpcmanager/requirements.txt &&   echo ${VERSION} > /app/htpcmanager/VERSION.txt &&   echo \"**** cleanup ****\" &&   apt-get autoremove -y &&   rm -rf     $HOME/.cache     /tmp/*" did not complete successfully: exit code: 100
