#0 building with "default" instance using docker driver

#1 [internal] load local bake definitions
#1 reading docker-bake.hcl 828B / 828B done
#1 DONE 0.0s

#2 [internal] load build definition from Dockerfile
#2 transferring dockerfile: 4.96kB done
#2 WARN: FromAsCasing: 'as' and 'FROM' keywords' casing do not match (line 3)
#2 WARN: FromAsCasing: 'as' and 'FROM' keywords' casing do not match (line 6)
#2 DONE 0.0s

#3 [internal] load metadata for ghcr.io/trueforge-org/ubuntu:24.04
#3 DONE 0.1s

#4 [internal] load metadata for ghcr.io/trueforge-org/picons-builder:latest
#4 ERROR: failed to authorize: failed to fetch anonymous token: unexpected status from GET request to https://ghcr.io/token?scope=repository%3Atrueforge-org%2Fpicons-builder%3Apull&service=ghcr.io: 403 Forbidden
------
 > [internal] load metadata for ghcr.io/trueforge-org/picons-builder:latest:
------

 [33m2 warnings found (use docker --debug to expand):
[0m - FromAsCasing: 'as' and 'FROM' keywords' casing do not match (line 3)
 - FromAsCasing: 'as' and 'FROM' keywords' casing do not match (line 6)
Dockerfile:3
--------------------
   1 |     ############## picons stage ##############
   2 |     # built by https://github.com/linuxserver/picons-builder
   3 | >>> FROM ghcr.io/trueforge-org/picons-builder as piconsstage
   4 |     
   5 |     
--------------------
ERROR: failed to solve: failed to fetch anonymous token: unexpected status from GET request to https://ghcr.io/token?scope=repository%3Atrueforge-org%2Fpicons-builder%3Apull&service=ghcr.io: 403 Forbidden
