#0 building with "default" instance using docker driver

#1 [internal] load build definition from Dockerfile
#1 transferring dockerfile: 1.24kB done
#1 DONE 0.0s

#2 [internal] load metadata for ghcr.io/trueforge-org/ubuntu:24.04
#2 DONE 0.2s

#3 [internal] load .dockerignore
#3 transferring context: 2B done
#3 DONE 0.0s

#4 [alpine-buildstage 1/3] FROM ghcr.io/trueforge-org/ubuntu:24.04@sha256:5348eb7725294e8090c15b7b495e517f82f4b31497d3bb9de71bbe37476e7454
#4 resolve ghcr.io/trueforge-org/ubuntu:24.04@sha256:5348eb7725294e8090c15b7b495e517f82f4b31497d3bb9de71bbe37476e7454 0.0s done
#4 CACHED

#5 [internal] load build context
#5 transferring context: 3.36kB done
#5 DONE 0.0s

#6 [alpine-buildstage 2/3] COPY data.rar /data.rar
#6 ERROR: failed to calculate checksum of ref ntgcosadh0xpbpttq2x5wsvla::nzd8o5d7c1aydfj5rejoo2sv6: "/data.rar": not found
------
 > [alpine-buildstage 2/3] COPY data.rar /data.rar:
------
Dockerfile:10
--------------------
   8 |     USER root
   9 |     
  10 | >>> COPY data.rar /data.rar
  11 |     
  12 |     RUN \
--------------------
ERROR: failed to build: failed to solve: failed to compute cache key: failed to calculate checksum of ref ntgcosadh0xpbpttq2x5wsvla::nzd8o5d7c1aydfj5rejoo2sv6: "/data.rar": not found
