#0 building with "default" instance using docker driver

#1 [internal] load local bake definitions
#1 reading docker-bake.hcl 817B / 817B done
#1 DONE 0.0s

#2 [internal] load build definition from Dockerfile
#2 transferring dockerfile: 4.88kB done
#2 DONE 0.0s

#3 [internal] load metadata for ghcr.io/trueforge-org/ubuntu:24.04
#3 DONE 0.1s

#4 [internal] load .dockerignore
#4 transferring context: 2B done
#4 DONE 0.0s

#5 [1/4] FROM ghcr.io/trueforge-org/ubuntu:24.04@sha256:5348eb7725294e8090c15b7b495e517f82f4b31497d3bb9de71bbe37476e7454
#5 resolve ghcr.io/trueforge-org/ubuntu:24.04@sha256:5348eb7725294e8090c15b7b495e517f82f4b31497d3bb9de71bbe37476e7454 0.0s done
#5 CACHED

#6 [internal] load build context
#6 transferring context: 7.65kB done
#6 DONE 0.0s

#7 [2/4] RUN     echo "**** install build packages ****" &&     apt-get update &&     apt-get install -y --no-install-recommends         build-essential         libbz2-dev         cmake         doxygen         gettext         libgmp-dev         libhiredis-dev         libleveldb-dev         libjpeg-dev         libogg-dev         libpng-dev         libssl-dev         libtool         libvorbis-dev         libxi-dev         libluajit-5.1-dev         libgl1-libgl1-mesa-dev         libncurses-dev         ninja-build         libopenal-dev         libpq-dev         python3-dev         libsdl2-dev         libsqlite3-dev         libzstd-dev         pkg-config &&     echo "**** install runtime packages ****" &&     apt-get install -y --no-install-recommends         libgmp10         libhiredis0.14         libleveldb1d         libgcc-s1         libpq5         libstdc++6         luajit         lua-socket         libsdl2-2.0-0         zstd         libzstd1 &&     echo "**** compile prometheus-cpp ****" &&     mkdir -p /tmp/prometheus-cpp &&     PROM_URL=$(curl -sX GET "https://api.github.com/repos/jupp0r/prometheus-cpp/releases/latest"         | jq -r .assets[].browser_download_url) &&     curl -o /tmp/prometheus-cpp.tar.gz         -L "$PROM_URL" &&     tar xf /tmp/prometheus-cpp.tar.gz -C         /tmp/prometheus-cpp --strip-components=1 &&     cd /tmp/prometheus-cpp &&     mkdir build &&     cd build &&     cmake .. -B build         -DCMAKE_INSTALL_PREFIX=/usr         -DCMAKE_BUILD_TYPE=Release         -DENABLE_TESTING=0         -GNinja &&     cmake --build build &&     cmake --install build &&     echo "**** compile spatialindex ****" &&     mkdir -p /tmp/spatialindex &&     SPATIAL_VER=$(curl -sX GET "https://api.github.com/repos/libspatialindex/libspatialindex/commits/main"         | jq -r .sha) &&     curl -o /tmp/spatialindex.tar.gz         -L "https://github.com/libspatialindex/libspatialindex/archive/${SPATIAL_VER}.tar.gz" &&     tar xf /tmp/spatialindex.tar.gz -C         /tmp/spatialindex --strip-components=1 &&     cd /tmp/spatialindex &&     cmake . -B build         -DCMAKE_INSTALL_PREFIX=/usr &&     cmake --build build &&     cmake --install build &&     echo "**** compile luanti ****" &&     mkdir -p         /tmp/luanti &&     curl -o         /tmp/luanti-src.tar.gz -L         "https://github.com/luanti-org/luanti/archive/5.14.0.tar.gz" &&     tar xf /tmp/luanti-src.tar.gz -C         /tmp/luanti --strip-components=1 &&     sed -i 's/# enable_ipv6 = true/enable_ipv6 = true/' /tmp/luanti/minetest.conf.example &&     sed -i 's/# ipv6_server = false/ipv6_server = true/' /tmp/luanti/minetest.conf.example &&     cp /tmp/luanti/minetest.conf.example /defaults/minetest.conf &&     cd /tmp/luanti &&     cmake . -B build         -DCMAKE_BUILD_TYPE=Release         -DBUILD_CLIENT=0         -DBUILD_SERVER=1         -DCMAKE_INSTALL_PREFIX=/usr         -DCUSTOM_BINDIR=/usr/bin         -DCUSTOM_DOCDIR="/usr/share/doc/luanti"         -DCUSTOM_SHAREDIR="/usr/share/luanti"         -DENABLE_CURL=1         -DENABLE_GETTEXT=0         -DENABLE_LEVELDB=1         -DENABLE_LUAJIT=1         -DENABLE_POSTGRESQL=1         -DENABLE_PROMETHEUS=1         -DENABLE_REDIS=1         -DENABLE_SOUND=0         -DENABLE_SYSTEM_GMP=1         -DRUN_IN_PLACE=0         -GNinja &&     cmake --build build &&     cmake --install build &&     echo "**** copy games to temporary folder ****" &&     mkdir -p         /defaults/games &&     cp -pr  /tmp/luanti/games/* /defaults/games/ &&     echo "**** cleanup ****" &&     apt-get remove --purge -y         build-essential         libbz2-dev         cmake         doxygen         gettext         libgmp-dev         libhiredis-dev         libleveldb-dev         libjpeg-dev         libogg-dev         libpng-dev         libssl-dev         libtool         libvorbis-dev         libxi-dev         libluajit-5.1-dev         libgl1-libgl1-mesa-dev         libncurses-dev         ninja-build         libopenal-dev         libpq-dev         python3-dev         libsdl2-dev         libsqlite3-dev         libzstd-dev         pkg-config &&     apt-get autoremove -y &&     rm -rf         /var/lib/apt/lists/*         /tmp/*
#7 0.266 **** install build packages ****
#7 0.332 Get:1 http://security.ubuntu.com/ubuntu noble-security InRelease [126 kB]
#7 0.402 Get:2 http://archive.ubuntu.com/ubuntu noble InRelease [256 kB]
#7 0.438 Get:3 http://security.ubuntu.com/ubuntu noble-security/multiverse amd64 Packages [34.8 kB]
#7 0.471 Get:4 http://security.ubuntu.com/ubuntu noble-security/universe amd64 Packages [1,205 kB]
#7 0.500 Get:5 http://archive.ubuntu.com/ubuntu noble-updates InRelease [126 kB]
#7 0.507 Get:6 http://security.ubuntu.com/ubuntu noble-security/restricted amd64 Packages [3,122 kB]
#7 0.561 Get:7 http://security.ubuntu.com/ubuntu noble-security/main amd64 Packages [1,829 kB]
#7 0.596 Get:8 http://archive.ubuntu.com/ubuntu noble-backports InRelease [126 kB]
#7 0.693 Get:9 http://archive.ubuntu.com/ubuntu noble/universe amd64 Packages [19.3 MB]
#7 1.216 Get:10 http://archive.ubuntu.com/ubuntu noble/multiverse amd64 Packages [331 kB]
#7 1.316 Get:11 http://archive.ubuntu.com/ubuntu noble/restricted amd64 Packages [117 kB]
#7 1.411 Get:12 http://archive.ubuntu.com/ubuntu noble/main amd64 Packages [1,808 kB]
#7 1.544 Get:13 http://archive.ubuntu.com/ubuntu noble-updates/main amd64 Packages [2,218 kB]
#7 1.687 Get:14 http://archive.ubuntu.com/ubuntu noble-updates/multiverse amd64 Packages [38.1 kB]
#7 1.780 Get:15 http://archive.ubuntu.com/ubuntu noble-updates/universe amd64 Packages [2,014 kB]
#7 1.918 Get:16 http://archive.ubuntu.com/ubuntu noble-updates/restricted amd64 Packages [3,330 kB]
#7 2.085 Get:17 http://archive.ubuntu.com/ubuntu noble-backports/main amd64 Packages [49.5 kB]
#7 2.179 Get:18 http://archive.ubuntu.com/ubuntu noble-backports/universe amd64 Packages [34.6 kB]
#7 2.199 Fetched 36.1 MB in 2s (19.1 MB/s)
#7 2.199 Reading package lists...
#7 3.038 Reading package lists...
#7 3.849 Building dependency tree...
#7 4.037 Reading state information...
#7 4.055 E: Unable to locate package libgl1-libgl1-mesa-dev
#7 ERROR: process "/bin/bash -o pipefail -c echo \"**** install build packages ****\" &&     apt-get update &&     apt-get install -y --no-install-recommends         build-essential         libbz2-dev         cmake         doxygen         gettext         libgmp-dev         libhiredis-dev         libleveldb-dev         libjpeg-dev         libogg-dev         libpng-dev         libssl-dev         libtool         libvorbis-dev         libxi-dev         libluajit-5.1-dev         libgl1-libgl1-mesa-dev         libncurses-dev         ninja-build         libopenal-dev         libpq-dev         python3-dev         libsdl2-dev         libsqlite3-dev         libzstd-dev         pkg-config &&     echo \"**** install runtime packages ****\" &&     apt-get install -y --no-install-recommends         libgmp10         libhiredis0.14         libleveldb1d         libgcc-s1         libpq5         libstdc++6         luajit         lua-socket         libsdl2-2.0-0         zstd         libzstd1 &&     echo \"**** compile prometheus-cpp ****\" &&     mkdir -p /tmp/prometheus-cpp &&     PROM_URL=$(curl -sX GET \"https://api.github.com/repos/jupp0r/prometheus-cpp/releases/latest\"         | jq -r .assets[].browser_download_url) &&     curl -o /tmp/prometheus-cpp.tar.gz         -L \"$PROM_URL\" &&     tar xf /tmp/prometheus-cpp.tar.gz -C         /tmp/prometheus-cpp --strip-components=1 &&     cd /tmp/prometheus-cpp &&     mkdir build &&     cd build &&     cmake .. -B build         -DCMAKE_INSTALL_PREFIX=/usr         -DCMAKE_BUILD_TYPE=Release         -DENABLE_TESTING=0         -GNinja &&     cmake --build build &&     cmake --install build &&     echo \"**** compile spatialindex ****\" &&     mkdir -p /tmp/spatialindex &&     SPATIAL_VER=$(curl -sX GET \"https://api.github.com/repos/libspatialindex/libspatialindex/commits/main\"         | jq -r .sha) &&     curl -o /tmp/spatialindex.tar.gz         -L \"https://github.com/libspatialindex/libspatialindex/archive/${SPATIAL_VER}.tar.gz\" &&     tar xf /tmp/spatialindex.tar.gz -C         /tmp/spatialindex --strip-components=1 &&     cd /tmp/spatialindex &&     cmake . -B build         -DCMAKE_INSTALL_PREFIX=/usr &&     cmake --build build &&     cmake --install build &&     echo \"**** compile luanti ****\" &&     mkdir -p         /tmp/luanti &&     curl -o         /tmp/luanti-src.tar.gz -L         \"https://github.com/luanti-org/luanti/archive/${VERSION}.tar.gz\" &&     tar xf /tmp/luanti-src.tar.gz -C         /tmp/luanti --strip-components=1 &&     sed -i 's/# enable_ipv6 = true/enable_ipv6 = true/' /tmp/luanti/minetest.conf.example &&     sed -i 's/# ipv6_server = false/ipv6_server = true/' /tmp/luanti/minetest.conf.example &&     cp /tmp/luanti/minetest.conf.example /defaults/minetest.conf &&     cd /tmp/luanti &&     cmake . -B build         -DCMAKE_BUILD_TYPE=Release         -DBUILD_CLIENT=0         -DBUILD_SERVER=1         -DCMAKE_INSTALL_PREFIX=/usr         -DCUSTOM_BINDIR=/usr/bin         -DCUSTOM_DOCDIR=\"/usr/share/doc/luanti\"         -DCUSTOM_SHAREDIR=\"/usr/share/luanti\"         -DENABLE_CURL=1         -DENABLE_GETTEXT=0         -DENABLE_LEVELDB=1         -DENABLE_LUAJIT=1         -DENABLE_POSTGRESQL=1         -DENABLE_PROMETHEUS=1         -DENABLE_REDIS=1         -DENABLE_SOUND=0         -DENABLE_SYSTEM_GMP=1         -DRUN_IN_PLACE=0         -GNinja &&     cmake --build build &&     cmake --install build &&     echo \"**** copy games to temporary folder ****\" &&     mkdir -p         /defaults/games &&     cp -pr  /tmp/luanti/games/* /defaults/games/ &&     echo \"**** cleanup ****\" &&     apt-get remove --purge -y         build-essential         libbz2-dev         cmake         doxygen         gettext         libgmp-dev         libhiredis-dev         libleveldb-dev         libjpeg-dev         libogg-dev         libpng-dev         libssl-dev         libtool         libvorbis-dev         libxi-dev         libluajit-5.1-dev         libgl1-libgl1-mesa-dev         libncurses-dev         ninja-build         libopenal-dev         libpq-dev         python3-dev         libsdl2-dev         libsqlite3-dev         libzstd-dev         pkg-config &&     apt-get autoremove -y &&     rm -rf         /var/lib/apt/lists/*         /tmp/*" did not complete successfully: exit code: 100
------
 > [2/4] RUN     echo "**** install build packages ****" &&     apt-get update &&     apt-get install -y --no-install-recommends         build-essential         libbz2-dev         cmake         doxygen         gettext         libgmp-dev         libhiredis-dev         libleveldb-dev         libjpeg-dev         libogg-dev         libpng-dev         libssl-dev         libtool         libvorbis-dev         libxi-dev         libluajit-5.1-dev         libgl1-libgl1-mesa-dev         libncurses-dev         ninja-build         libopenal-dev         libpq-dev         python3-dev         libsdl2-dev         libsqlite3-dev         libzstd-dev         pkg-config &&     echo "**** install runtime packages ****" &&     apt-get install -y --no-install-recommends         libgmp10         libhiredis0.14         libleveldb1d         libgcc-s1         libpq5         libstdc++6         luajit         lua-socket         libsdl2-2.0-0         zstd         libzstd1 &&     echo "**** compile prometheus-cpp ****" &&     mkdir -p /tmp/prometheus-cpp &&     PROM_URL=$(curl -sX GET "https://api.github.com/repos/jupp0r/prometheus-cpp/releases/latest"         | jq -r .assets[].browser_download_url) &&     curl -o /tmp/prometheus-cpp.tar.gz         -L "$PROM_URL" &&     tar xf /tmp/prometheus-cpp.tar.gz -C         /tmp/prometheus-cpp --strip-components=1 &&     cd /tmp/prometheus-cpp &&     mkdir build &&     cd build &&     cmake .. -B build         -DCMAKE_INSTALL_PREFIX=/usr         -DCMAKE_BUILD_TYPE=Release         -DENABLE_TESTING=0         -GNinja &&     cmake --build build &&     cmake --install build &&     echo "**** compile spatialindex ****" &&     mkdir -p /tmp/spatialindex &&     SPATIAL_VER=$(curl -sX GET "https://api.github.com/repos/libspatialindex/libspatialindex/commits/main"         | jq -r .sha) &&     curl -o /tmp/spatialindex.tar.gz         -L "https://github.com/libspatialindex/libspatialindex/archive/${SPATIAL_VER}.tar.gz" &&     tar xf /tmp/spatialindex.tar.gz -C         /tmp/spatialindex --strip-components=1 &&     cd /tmp/spatialindex &&     cmake . -B build         -DCMAKE_INSTALL_PREFIX=/usr &&     cmake --build build &&     cmake --install build &&     echo "**** compile luanti ****" &&     mkdir -p         /tmp/luanti &&     curl -o         /tmp/luanti-src.tar.gz -L         "https://github.com/luanti-org/luanti/archive/5.14.0.tar.gz" &&     tar xf /tmp/luanti-src.tar.gz -C         /tmp/luanti --strip-components=1 &&     sed -i 's/# enable_ipv6 = true/enable_ipv6 = true/' /tmp/luanti/minetest.conf.example &&     sed -i 's/# ipv6_server = false/ipv6_server = true/' /tmp/luanti/minetest.conf.example &&     cp /tmp/luanti/minetest.conf.example /defaults/minetest.conf &&     cd /tmp/luanti &&     cmake . -B build         -DCMAKE_BUILD_TYPE=Release         -DBUILD_CLIENT=0         -DBUILD_SERVER=1         -DCMAKE_INSTALL_PREFIX=/usr         -DCUSTOM_BINDIR=/usr/bin         -DCUSTOM_DOCDIR="/usr/share/doc/luanti"         -DCUSTOM_SHAREDIR="/usr/share/luanti"         -DENABLE_CURL=1         -DENABLE_GETTEXT=0         -DENABLE_LEVELDB=1         -DENABLE_LUAJIT=1         -DENABLE_POSTGRESQL=1         -DENABLE_PROMETHEUS=1         -DENABLE_REDIS=1         -DENABLE_SOUND=0         -DENABLE_SYSTEM_GMP=1         -DRUN_IN_PLACE=0         -GNinja &&     cmake --build build &&     cmake --install build &&     echo "**** copy games to temporary folder ****" &&     mkdir -p         /defaults/games &&     cp -pr  /tmp/luanti/games/* /defaults/games/ &&     echo "**** cleanup ****" &&     apt-get remove --purge -y         build-essential         libbz2-dev         cmake         doxygen         gettext         libgmp-dev         libhiredis-dev         libleveldb-dev         libjpeg-dev         libogg-dev         libpng-dev         libssl-dev         libtool         libvorbis-dev         libxi-dev         libluajit-5.1-dev         libgl1-libgl1-mesa-dev         libncurses-dev         ninja-build         libopenal-dev         libpq-dev         python3-dev         libsdl2-dev         libsqlite3-dev         libzstd-dev         pkg-config &&     apt-get autoremove -y &&     rm -rf         /var/lib/apt/lists/*         /tmp/*:
1.411 Get:12 http://archive.ubuntu.com/ubuntu noble/main amd64 Packages [1,808 kB]
1.544 Get:13 http://archive.ubuntu.com/ubuntu noble-updates/main amd64 Packages [2,218 kB]
1.687 Get:14 http://archive.ubuntu.com/ubuntu noble-updates/multiverse amd64 Packages [38.1 kB]
1.780 Get:15 http://archive.ubuntu.com/ubuntu noble-updates/universe amd64 Packages [2,014 kB]
1.918 Get:16 http://archive.ubuntu.com/ubuntu noble-updates/restricted amd64 Packages [3,330 kB]
2.085 Get:17 http://archive.ubuntu.com/ubuntu noble-backports/main amd64 Packages [49.5 kB]



4.055 E: Unable to locate package libgl1-libgl1-mesa-dev
------
Dockerfile:17
--------------------
  16 |     
  17 | >>> RUN \
  18 | >>>     echo "**** install build packages ****" && \
  19 | >>>     apt-get update && \
  20 | >>>     apt-get install -y --no-install-recommends \
  21 | >>>         build-essential \
  22 | >>>         libbz2-dev \
  23 | >>>         cmake \
  24 | >>>         doxygen \
  25 | >>>         gettext \
  26 | >>>         libgmp-dev \
  27 | >>>         libhiredis-dev \
  28 | >>>         libleveldb-dev \
  29 | >>>         libjpeg-dev \
  30 | >>>         libogg-dev \
  31 | >>>         libpng-dev \
  32 | >>>         libssl-dev \
  33 | >>>         libtool \
  34 | >>>         libvorbis-dev \
  35 | >>>         libxi-dev \
  36 | >>>         libluajit-5.1-dev \
  37 | >>>         libgl1-libgl1-mesa-dev \
  38 | >>>         libncurses-dev \
  39 | >>>         ninja-build \
  40 | >>>         libopenal-dev \
  41 | >>>         libpq-dev \
  42 | >>>         python3-dev \
  43 | >>>         libsdl2-dev \
  44 | >>>         libsqlite3-dev \
  45 | >>>         libzstd-dev \
  46 | >>>         pkg-config && \
  47 | >>>     echo "**** install runtime packages ****" && \
  48 | >>>     apt-get install -y --no-install-recommends \
  49 | >>>         libgmp10 \
  50 | >>>         libhiredis0.14 \
  51 | >>>         libleveldb1d \
  52 | >>>         libgcc-s1 \
  53 | >>>         libpq5 \
  54 | >>>         libstdc++6 \
  55 | >>>         luajit \
  56 | >>>         lua-socket \
  57 | >>>         libsdl2-2.0-0 \
  58 | >>>         zstd \
  59 | >>>         libzstd1 && \
  60 | >>>     echo "**** compile prometheus-cpp ****" && \
  61 | >>>     mkdir -p /tmp/prometheus-cpp && \
  62 | >>>     PROM_URL=$(curl -sX GET "https://api.github.com/repos/jupp0r/prometheus-cpp/releases/latest" \
  63 | >>>         | jq -r .assets[].browser_download_url) && \
  64 | >>>     curl -o /tmp/prometheus-cpp.tar.gz \
  65 | >>>         -L "$PROM_URL" && \
  66 | >>>     tar xf /tmp/prometheus-cpp.tar.gz -C \
  67 | >>>         /tmp/prometheus-cpp --strip-components=1 && \
  68 | >>>     cd /tmp/prometheus-cpp && \
  69 | >>>     mkdir build && \
  70 | >>>     cd build && \
  71 | >>>     cmake .. -B build \
  72 | >>>         -DCMAKE_INSTALL_PREFIX=/usr \
  73 | >>>         -DCMAKE_BUILD_TYPE=Release \
  74 | >>>         -DENABLE_TESTING=0 \
  75 | >>>         -GNinja && \
  76 | >>>     cmake --build build && \
  77 | >>>     cmake --install build && \
  78 | >>>     echo "**** compile spatialindex ****" && \
  79 | >>>     mkdir -p /tmp/spatialindex && \
  80 | >>>     SPATIAL_VER=$(curl -sX GET "https://api.github.com/repos/libspatialindex/libspatialindex/commits/main" \
  81 | >>>         | jq -r .sha) && \
  82 | >>>     curl -o /tmp/spatialindex.tar.gz \
  83 | >>>         -L "https://github.com/libspatialindex/libspatialindex/archive/${SPATIAL_VER}.tar.gz" && \
  84 | >>>     tar xf /tmp/spatialindex.tar.gz -C \
  85 | >>>         /tmp/spatialindex --strip-components=1 && \
  86 | >>>     cd /tmp/spatialindex && \
  87 | >>>     cmake . -B build \
  88 | >>>         -DCMAKE_INSTALL_PREFIX=/usr && \
  89 | >>>     cmake --build build && \
  90 | >>>     cmake --install build && \
  91 | >>>     echo "**** compile luanti ****" && \
  92 | >>>     mkdir -p \
  93 | >>>         /tmp/luanti && \
  94 | >>>     curl -o \
  95 | >>>         /tmp/luanti-src.tar.gz -L \
  96 | >>>         "https://github.com/luanti-org/luanti/archive/${VERSION}.tar.gz" && \
  97 | >>>     tar xf /tmp/luanti-src.tar.gz -C \
  98 | >>>         /tmp/luanti --strip-components=1 && \
  99 | >>>     sed -i 's/# enable_ipv6 = true/enable_ipv6 = true/' /tmp/luanti/minetest.conf.example && \
 100 | >>>     sed -i 's/# ipv6_server = false/ipv6_server = true/' /tmp/luanti/minetest.conf.example && \
 101 | >>>     cp /tmp/luanti/minetest.conf.example /defaults/minetest.conf && \
 102 | >>>     cd /tmp/luanti && \
 103 | >>>     cmake . -B build \
 104 | >>>         -DCMAKE_BUILD_TYPE=Release \
 105 | >>>         -DBUILD_CLIENT=0 \
 106 | >>>         -DBUILD_SERVER=1 \
 107 | >>>         -DCMAKE_INSTALL_PREFIX=/usr \
 108 | >>>         -DCUSTOM_BINDIR=/usr/bin \
 109 | >>>         -DCUSTOM_DOCDIR="/usr/share/doc/luanti" \
 110 | >>>         -DCUSTOM_SHAREDIR="/usr/share/luanti" \
 111 | >>>         -DENABLE_CURL=1 \
 112 | >>>         -DENABLE_GETTEXT=0 \
 113 | >>>         -DENABLE_LEVELDB=1 \
 114 | >>>         -DENABLE_LUAJIT=1 \
 115 | >>>         -DENABLE_POSTGRESQL=1 \
 116 | >>>         -DENABLE_PROMETHEUS=1 \
 117 | >>>         -DENABLE_REDIS=1 \
 118 | >>>         -DENABLE_SOUND=0 \
 119 | >>>         -DENABLE_SYSTEM_GMP=1 \
 120 | >>>         -DRUN_IN_PLACE=0 \
 121 | >>>         -GNinja && \
 122 | >>>     cmake --build build && \
 123 | >>>     cmake --install build && \
 124 | >>>     echo "**** copy games to temporary folder ****" && \
 125 | >>>     mkdir -p \
 126 | >>>         /defaults/games && \
 127 | >>>     cp -pr  /tmp/luanti/games/* /defaults/games/ && \
 128 | >>>     echo "**** cleanup ****" && \
 129 | >>>     apt-get remove --purge -y \
 130 | >>>         build-essential \
 131 | >>>         libbz2-dev \
 132 | >>>         cmake \
 133 | >>>         doxygen \
 134 | >>>         gettext \
 135 | >>>         libgmp-dev \
 136 | >>>         libhiredis-dev \
 137 | >>>         libleveldb-dev \
 138 | >>>         libjpeg-dev \
 139 | >>>         libogg-dev \
 140 | >>>         libpng-dev \
 141 | >>>         libssl-dev \
 142 | >>>         libtool \
 143 | >>>         libvorbis-dev \
 144 | >>>         libxi-dev \
 145 | >>>         libluajit-5.1-dev \
 146 | >>>         libgl1-libgl1-mesa-dev \
 147 | >>>         libncurses-dev \
 148 | >>>         ninja-build \
 149 | >>>         libopenal-dev \
 150 | >>>         libpq-dev \
 151 | >>>         python3-dev \
 152 | >>>         libsdl2-dev \
 153 | >>>         libsqlite3-dev \
 154 | >>>         libzstd-dev \
 155 | >>>         pkg-config && \
 156 | >>>     apt-get autoremove -y && \
 157 | >>>     rm -rf \
 158 | >>>         /var/lib/apt/lists/* \
 159 | >>>         /tmp/*
 160 |     
--------------------
ERROR: failed to solve: process "/bin/bash -o pipefail -c echo \"**** install build packages ****\" &&     apt-get update &&     apt-get install -y --no-install-recommends         build-essential         libbz2-dev         cmake         doxygen         gettext         libgmp-dev         libhiredis-dev         libleveldb-dev         libjpeg-dev         libogg-dev         libpng-dev         libssl-dev         libtool         libvorbis-dev         libxi-dev         libluajit-5.1-dev         libgl1-libgl1-mesa-dev         libncurses-dev         ninja-build         libopenal-dev         libpq-dev         python3-dev         libsdl2-dev         libsqlite3-dev         libzstd-dev         pkg-config &&     echo \"**** install runtime packages ****\" &&     apt-get install -y --no-install-recommends         libgmp10         libhiredis0.14         libleveldb1d         libgcc-s1         libpq5         libstdc++6         luajit         lua-socket         libsdl2-2.0-0         zstd         libzstd1 &&     echo \"**** compile prometheus-cpp ****\" &&     mkdir -p /tmp/prometheus-cpp &&     PROM_URL=$(curl -sX GET \"https://api.github.com/repos/jupp0r/prometheus-cpp/releases/latest\"         | jq -r .assets[].browser_download_url) &&     curl -o /tmp/prometheus-cpp.tar.gz         -L \"$PROM_URL\" &&     tar xf /tmp/prometheus-cpp.tar.gz -C         /tmp/prometheus-cpp --strip-components=1 &&     cd /tmp/prometheus-cpp &&     mkdir build &&     cd build &&     cmake .. -B build         -DCMAKE_INSTALL_PREFIX=/usr         -DCMAKE_BUILD_TYPE=Release         -DENABLE_TESTING=0         -GNinja &&     cmake --build build &&     cmake --install build &&     echo \"**** compile spatialindex ****\" &&     mkdir -p /tmp/spatialindex &&     SPATIAL_VER=$(curl -sX GET \"https://api.github.com/repos/libspatialindex/libspatialindex/commits/main\"         | jq -r .sha) &&     curl -o /tmp/spatialindex.tar.gz         -L \"https://github.com/libspatialindex/libspatialindex/archive/${SPATIAL_VER}.tar.gz\" &&     tar xf /tmp/spatialindex.tar.gz -C         /tmp/spatialindex --strip-components=1 &&     cd /tmp/spatialindex &&     cmake . -B build         -DCMAKE_INSTALL_PREFIX=/usr &&     cmake --build build &&     cmake --install build &&     echo \"**** compile luanti ****\" &&     mkdir -p         /tmp/luanti &&     curl -o         /tmp/luanti-src.tar.gz -L         \"https://github.com/luanti-org/luanti/archive/${VERSION}.tar.gz\" &&     tar xf /tmp/luanti-src.tar.gz -C         /tmp/luanti --strip-components=1 &&     sed -i 's/# enable_ipv6 = true/enable_ipv6 = true/' /tmp/luanti/minetest.conf.example &&     sed -i 's/# ipv6_server = false/ipv6_server = true/' /tmp/luanti/minetest.conf.example &&     cp /tmp/luanti/minetest.conf.example /defaults/minetest.conf &&     cd /tmp/luanti &&     cmake . -B build         -DCMAKE_BUILD_TYPE=Release         -DBUILD_CLIENT=0         -DBUILD_SERVER=1         -DCMAKE_INSTALL_PREFIX=/usr         -DCUSTOM_BINDIR=/usr/bin         -DCUSTOM_DOCDIR=\"/usr/share/doc/luanti\"         -DCUSTOM_SHAREDIR=\"/usr/share/luanti\"         -DENABLE_CURL=1         -DENABLE_GETTEXT=0         -DENABLE_LEVELDB=1         -DENABLE_LUAJIT=1         -DENABLE_POSTGRESQL=1         -DENABLE_PROMETHEUS=1         -DENABLE_REDIS=1         -DENABLE_SOUND=0         -DENABLE_SYSTEM_GMP=1         -DRUN_IN_PLACE=0         -GNinja &&     cmake --build build &&     cmake --install build &&     echo \"**** copy games to temporary folder ****\" &&     mkdir -p         /defaults/games &&     cp -pr  /tmp/luanti/games/* /defaults/games/ &&     echo \"**** cleanup ****\" &&     apt-get remove --purge -y         build-essential         libbz2-dev         cmake         doxygen         gettext         libgmp-dev         libhiredis-dev         libleveldb-dev         libjpeg-dev         libogg-dev         libpng-dev         libssl-dev         libtool         libvorbis-dev         libxi-dev         libluajit-5.1-dev         libgl1-libgl1-mesa-dev         libncurses-dev         ninja-build         libopenal-dev         libpq-dev         python3-dev         libsdl2-dev         libsqlite3-dev         libzstd-dev         pkg-config &&     apt-get autoremove -y &&     rm -rf         /var/lib/apt/lists/*         /tmp/*" did not complete successfully: exit code: 100
