#0 building with "default" instance using docker driver

#1 [internal] load build definition from Dockerfile
#1 transferring dockerfile: 1.20kB done
#1 DONE 0.0s

#2 [internal] load metadata for ghcr.io/trueforge-org/python:3.13.12
#2 DONE 0.1s

#3 [internal] load .dockerignore
#3 transferring context: 2B done
#3 DONE 0.0s

#4 [1/5] FROM ghcr.io/trueforge-org/python:3.13.12@sha256:d9b5d12c8e22d9b84df211da15c73e7e2b36441675f00bba2c706f93526c602b
#4 resolve ghcr.io/trueforge-org/python:3.13.12@sha256:d9b5d12c8e22d9b84df211da15c73e7e2b36441675f00bba2c706f93526c602b 0.0s done
#4 CACHED

#5 [internal] load build context
#5 transferring context: 3.62kB done
#5 DONE 0.0s

#6 [2/5] RUN   echo "**** install build packages ****" &&   apt-get update && apt-get install -y --no-install-recommends     build-essential &&   echo "**** install app ****" &&   mkdir -p     /app/sickgear/ &&   curl -o     /tmp/sickgear.tar.gz -L     "https://github.com/sickgear/sickgear/archive/${VERSION}.tar.gz" &&   tar xf     /tmp/sickgear.tar.gz -C     /app/sickgear/ --strip-components=1 &&   cd /app/sickgear &&   python3 -m venv /config/venv &&   pip install -U --no-cache-dir     pip     wheel &&   pip install --no-cache-dir --find-links https://wheel-index.linuxserver.io/ubuntu/ -r requirements.txt &&   pip install --no-cache-dir --find-links https://wheel-index.linuxserver.io/ubuntu/ -r recommended.txt &&   echo "**** cleanup ****" &&   apt-get autoremove -y &&   rm -rf     /tmp/*     /root/.cache
#6 0.145 **** install build packages ****
#6 0.312 Get:1 http://archive.ubuntu.com/ubuntu noble InRelease [256 kB]
#6 0.313 Get:2 http://security.ubuntu.com/ubuntu noble-security InRelease [126 kB]
#6 0.461 Get:3 http://archive.ubuntu.com/ubuntu noble-updates InRelease [126 kB]
#6 0.606 Get:4 http://archive.ubuntu.com/ubuntu noble-backports InRelease [126 kB]
#6 0.753 Get:5 http://archive.ubuntu.com/ubuntu noble/universe amd64 Packages [19.3 MB]
#6 0.986 Get:6 http://security.ubuntu.com/ubuntu noble-security/restricted amd64 Packages [3,122 kB]
#6 1.520 Get:7 http://archive.ubuntu.com/ubuntu noble/multiverse amd64 Packages [331 kB]
#6 1.672 Get:8 http://archive.ubuntu.com/ubuntu noble/restricted amd64 Packages [117 kB]
#6 1.818 Get:9 http://archive.ubuntu.com/ubuntu noble/main amd64 Packages [1,808 kB]
#6 1.841 Get:10 http://security.ubuntu.com/ubuntu noble-security/main amd64 Packages [1,829 kB]
#6 2.018 Get:11 http://archive.ubuntu.com/ubuntu noble-updates/restricted amd64 Packages [3,330 kB]
#6 2.044 Get:12 http://security.ubuntu.com/ubuntu noble-security/universe amd64 Packages [1,205 kB]
#6 2.227 Get:13 http://security.ubuntu.com/ubuntu noble-security/multiverse amd64 Packages [34.8 kB]
#6 2.267 Get:14 http://archive.ubuntu.com/ubuntu noble-updates/multiverse amd64 Packages [38.1 kB]
#6 2.410 Get:15 http://archive.ubuntu.com/ubuntu noble-updates/universe amd64 Packages [2,014 kB]
#6 2.617 Get:16 http://archive.ubuntu.com/ubuntu noble-updates/main amd64 Packages [2,218 kB]
#6 2.831 Get:17 http://archive.ubuntu.com/ubuntu noble-backports/main amd64 Packages [49.5 kB]
#6 2.974 Get:18 http://archive.ubuntu.com/ubuntu noble-backports/universe amd64 Packages [34.6 kB]
#6 2.993 Fetched 36.1 MB in 3s (12.8 MB/s)
#6 2.993 Reading package lists...
#6 3.732 Reading package lists...
#6 4.474 Building dependency tree...
#6 4.621 Reading state information...
#6 4.783 build-essential is already the newest version (12.10ubuntu1).
#6 4.783 0 upgraded, 0 newly installed, 0 to remove and 24 not upgraded.
#6 4.784 **** install app ****
#6 4.792   % Total    % Received % Xferd  Average Speed   Time    Time     Time  Current
#6 4.792                                  Dload  Upload   Total   Spent    Left  Speed
#6 4.792   0     0    0     0    0     0      0      0 --:--:-- --:--:-- --:--:--     0100     9  100     9    0     0     63      0 --:--:-- --:--:-- --:--:--    63
#6 4.937 tar: This does not look like a tar archive
#6 4.938 
#6 4.938 gzip: stdin: not in gzip format
#6 4.938 tar: Child returned status 1
#6 4.938 tar: Error is not recoverable: exiting now
#6 ERROR: process "/bin/bash -o pipefail -c echo \"**** install build packages ****\" &&   apt-get update && apt-get install -y --no-install-recommends     build-essential &&   echo \"**** install app ****\" &&   mkdir -p     /app/sickgear/ &&   curl -o     /tmp/sickgear.tar.gz -L     \"https://github.com/sickgear/sickgear/archive/${VERSION}.tar.gz\" &&   tar xf     /tmp/sickgear.tar.gz -C     /app/sickgear/ --strip-components=1 &&   cd /app/sickgear &&   python3 -m venv /config/venv &&   pip install -U --no-cache-dir     pip     wheel &&   pip install --no-cache-dir --find-links https://wheel-index.linuxserver.io/ubuntu/ -r requirements.txt &&   pip install --no-cache-dir --find-links https://wheel-index.linuxserver.io/ubuntu/ -r recommended.txt &&   echo \"**** cleanup ****\" &&   apt-get autoremove -y &&   rm -rf     /tmp/*     /root/.cache" did not complete successfully: exit code: 2
------
 > [2/5] RUN   echo "**** install build packages ****" &&   apt-get update && apt-get install -y --no-install-recommends     build-essential &&   echo "**** install app ****" &&   mkdir -p     /app/sickgear/ &&   curl -o     /tmp/sickgear.tar.gz -L     "https://github.com/sickgear/sickgear/archive/${VERSION}.tar.gz" &&   tar xf     /tmp/sickgear.tar.gz -C     /app/sickgear/ --strip-components=1 &&   cd /app/sickgear &&   python3 -m venv /config/venv &&   pip install -U --no-cache-dir     pip     wheel &&   pip install --no-cache-dir --find-links https://wheel-index.linuxserver.io/ubuntu/ -r requirements.txt &&   pip install --no-cache-dir --find-links https://wheel-index.linuxserver.io/ubuntu/ -r recommended.txt &&   echo "**** cleanup ****" &&   apt-get autoremove -y &&   rm -rf     /tmp/*     /root/.cache:


4.783 build-essential is already the newest version (12.10ubuntu1).
4.783 0 upgraded, 0 newly installed, 0 to remove and 24 not upgraded.
:--    63
4.937 tar: This does not look like a tar archive
4.938 
4.938 gzip: stdin: not in gzip format
4.938 tar: Child returned status 1
4.938 tar: Error is not recoverable: exiting now
------
Dockerfile:12
--------------------
  11 |     
  12 | >>> RUN \
  13 | >>>   echo "**** install build packages ****" && \
  14 | >>>   apt-get update && apt-get install -y --no-install-recommends \
  15 | >>>     build-essential && \
  16 | >>>   echo "**** install app ****" && \
  17 | >>>   mkdir -p \
  18 | >>>     /app/sickgear/ && \
  19 | >>>   curl -o \
  20 | >>>     /tmp/sickgear.tar.gz -L \
  21 | >>>     "https://github.com/sickgear/sickgear/archive/${VERSION}.tar.gz" && \
  22 | >>>   tar xf \
  23 | >>>     /tmp/sickgear.tar.gz -C \
  24 | >>>     /app/sickgear/ --strip-components=1 && \
  25 | >>>   cd /app/sickgear && \
  26 | >>>   python3 -m venv /config/venv && \
  27 | >>>   pip install -U --no-cache-dir \
  28 | >>>     pip \
  29 | >>>     wheel && \
  30 | >>>   pip install --no-cache-dir --find-links https://wheel-index.linuxserver.io/ubuntu/ -r requirements.txt && \
  31 | >>>   pip install --no-cache-dir --find-links https://wheel-index.linuxserver.io/ubuntu/ -r recommended.txt && \
  32 | >>>   echo "**** cleanup ****" && \
  33 | >>>   apt-get autoremove -y && \
  34 | >>>   rm -rf \
  35 | >>>     /tmp/* \
  36 | >>>     /root/.cache
  37 |     
--------------------
ERROR: failed to build: failed to solve: process "/bin/bash -o pipefail -c echo \"**** install build packages ****\" &&   apt-get update && apt-get install -y --no-install-recommends     build-essential &&   echo \"**** install app ****\" &&   mkdir -p     /app/sickgear/ &&   curl -o     /tmp/sickgear.tar.gz -L     \"https://github.com/sickgear/sickgear/archive/${VERSION}.tar.gz\" &&   tar xf     /tmp/sickgear.tar.gz -C     /app/sickgear/ --strip-components=1 &&   cd /app/sickgear &&   python3 -m venv /config/venv &&   pip install -U --no-cache-dir     pip     wheel &&   pip install --no-cache-dir --find-links https://wheel-index.linuxserver.io/ubuntu/ -r requirements.txt &&   pip install --no-cache-dir --find-links https://wheel-index.linuxserver.io/ubuntu/ -r recommended.txt &&   echo \"**** cleanup ****\" &&   apt-get autoremove -y &&   rm -rf     /tmp/*     /root/.cache" did not complete successfully: exit code: 2
