#0 building with "default" instance using docker driver

#1 [internal] load build definition from Dockerfile
#1 transferring dockerfile: 2.59kB done
#1 DONE 0.0s

#2 [internal] load metadata for ghcr.io/trueforge-org/ubuntu:24.04
#2 DONE 0.3s

#3 [internal] load metadata for ghcr.io/sigstore/cosign/cosign:latest@sha256:b29487e48205d875c324c79583e2806d9d269c0fa299e0861bbec023d8430c8b
#3 DONE 0.7s

#4 [internal] load .dockerignore
#4 transferring context: 2B done
#4 DONE 0.0s

#5 [stage-1 1/5] FROM ghcr.io/trueforge-org/ubuntu:24.04@sha256:5348eb7725294e8090c15b7b495e517f82f4b31497d3bb9de71bbe37476e7454
#5 resolve ghcr.io/trueforge-org/ubuntu:24.04@sha256:5348eb7725294e8090c15b7b495e517f82f4b31497d3bb9de71bbe37476e7454 0.0s done
#5 CACHED

#6 [internal] load build context
#6 transferring context: 10.67kB done
#6 DONE 0.0s

#7 [stage-1 2/5] RUN --mount=type=bind,from=cosign-bin,source=/ko-app/cosign,target=/usr/local/bin/cosign     --mount=type=bind,source=/lychee.pub,target=/config/lychee.pub   echo "**** install runtime packages ****" &&   apt-get update &&   apt-get install -y --no-install-recommends     libimage-exiftool-perl     ffmpeg     libgd-dev     imagemagick     jpegoptim     php8.3-bcmath     php8.3-xml     php8.3-gd     php8.3-intl     php8.3-mysql     php8.3-pgsql     php8.3-sqlite3     php-imagick     php-redis     php-sodium     postgresql-client &&   rm -rf /var/lib/apt/lists/* &&   echo "**** configure php-fpm to pass env vars ****" &&   sed -E -i 's/^;?clear_env ?=.*$/clear_env = no/g' /etc/php84/php-fpm.d/www.conf &&   if ! grep -qxF 'clear_env = no' /etc/php84/php-fpm.d/www.conf; then echo 'clear_env = no' >> /etc/php84/php-fpm.d/www.conf; fi &&   echo "**** install lychee ****" &&   if [ -z "v${VERSION}" ]; then     VERSION=$(curl -sX GET "https://api.github.com/repos/LycheeOrg/Lychee/releases/latest"     | awk '/tag_name/{print $4;exit}' FS='[""]');   fi &&   curl -o     /tmp/lychee.zip -L     "https://github.com/LycheeOrg/Lychee/releases/download/v${VERSION}/Lychee.zip" &&   curl -o     /tmp/lychee.zip.sigstore.json -L     "https://github.com/LycheeOrg/Lychee/releases/download/v${VERSION}/Lychee.zip.sigstore.json" &&   cosign verify-blob --key /config/lychee.pub --bundle /tmp/lychee.zip.sigstore.json /tmp/lychee.zip &&   unzip -q /tmp/lychee.zip -d /app &&   mv /app/Lychee /app/www &&   echo "**** install composer dependencies ****" &&   composer install     -d /app/www     --no-interaction     --no-dev     --prefer-dist &&   echo "**** remove bloat ****" &&   find . -wholename '*/[Tt]ests/*' -delete &&   find . -wholename '*/[Tt]est/*' -delete &&   rm -rf /app/www/storage/framework/cache/data/* &&   rm -rf /app/www/storage/framework/sessions/* &&   rm -rf /app/www/storage/framework/views/* &&   rm -rf /app/www/storage/logs/* &&   echo "**** cleanup ****" &&   rm -rf     /tmp/*     /config/.cache     /config/.composer     /config/.npm
#7 ERROR: failed to calculate checksum of ref ntgcosadh0xpbpttq2x5wsvla::ni03yifssxhrpya2dv9c5evrv: "/lychee.pub": not found

#8 [cosign-bin 1/1] FROM ghcr.io/sigstore/cosign/cosign:latest@sha256:b29487e48205d875c324c79583e2806d9d269c0fa299e0861bbec023d8430c8b
#8 resolve ghcr.io/sigstore/cosign/cosign:latest@sha256:b29487e48205d875c324c79583e2806d9d269c0fa299e0861bbec023d8430c8b 0.0s done
#8 CANCELED
------
 > [stage-1 2/5] RUN --mount=type=bind,from=cosign-bin,source=/ko-app/cosign,target=/usr/local/bin/cosign     --mount=type=bind,source=/lychee.pub,target=/config/lychee.pub   echo "**** install runtime packages ****" &&   apt-get update &&   apt-get install -y --no-install-recommends     libimage-exiftool-perl     ffmpeg     libgd-dev     imagemagick     jpegoptim     php8.3-bcmath     php8.3-xml     php8.3-gd     php8.3-intl     php8.3-mysql     php8.3-pgsql     php8.3-sqlite3     php-imagick     php-redis     php-sodium     postgresql-client &&   rm -rf /var/lib/apt/lists/* &&   echo "**** configure php-fpm to pass env vars ****" &&   sed -E -i 's/^;?clear_env ?=.*$/clear_env = no/g' /etc/php84/php-fpm.d/www.conf &&   if ! grep -qxF 'clear_env = no' /etc/php84/php-fpm.d/www.conf; then echo 'clear_env = no' >> /etc/php84/php-fpm.d/www.conf; fi &&   echo "**** install lychee ****" &&   if [ -z "v${VERSION}" ]; then     VERSION=$(curl -sX GET "https://api.github.com/repos/LycheeOrg/Lychee/releases/latest"     | awk '/tag_name/{print $4;exit}' FS='[""]');   fi &&   curl -o     /tmp/lychee.zip -L     "https://github.com/LycheeOrg/Lychee/releases/download/v${VERSION}/Lychee.zip" &&   curl -o     /tmp/lychee.zip.sigstore.json -L     "https://github.com/LycheeOrg/Lychee/releases/download/v${VERSION}/Lychee.zip.sigstore.json" &&   cosign verify-blob --key /config/lychee.pub --bundle /tmp/lychee.zip.sigstore.json /tmp/lychee.zip &&   unzip -q /tmp/lychee.zip -d /app &&   mv /app/Lychee /app/www &&   echo "**** install composer dependencies ****" &&   composer install     -d /app/www     --no-interaction     --no-dev     --prefer-dist &&   echo "**** remove bloat ****" &&   find . -wholename '*/[Tt]ests/*' -delete &&   find . -wholename '*/[Tt]est/*' -delete &&   rm -rf /app/www/storage/framework/cache/data/* &&   rm -rf /app/www/storage/framework/sessions/* &&   rm -rf /app/www/storage/framework/views/* &&   rm -rf /app/www/storage/logs/* &&   echo "**** cleanup ****" &&   rm -rf     /tmp/*     /config/.cache     /config/.composer     /config/.npm:
------
Dockerfile:11
--------------------
  10 |     
  11 | >>> RUN --mount=type=bind,from=cosign-bin,source=/ko-app/cosign,target=/usr/local/bin/cosign \
  12 | >>>     --mount=type=bind,source=/lychee.pub,target=/config/lychee.pub \
  13 | >>>   echo "**** install runtime packages ****" && \
  14 | >>>   apt-get update && \
  15 | >>>   apt-get install -y --no-install-recommends \
  16 | >>>     libimage-exiftool-perl \
  17 | >>>     ffmpeg \
  18 | >>>     libgd-dev \
  19 | >>>     imagemagick \
  20 | >>>     jpegoptim \
  21 | >>>     php8.3-bcmath \
  22 | >>>     php8.3-xml \
  23 | >>>     php8.3-gd \
  24 | >>>     php8.3-intl \
  25 | >>>     php8.3-mysql \
  26 | >>>     php8.3-pgsql \
  27 | >>>     php8.3-sqlite3 \
  28 | >>>     php-imagick \
  29 | >>>     php-redis \
  30 | >>>     php-sodium \
  31 | >>>     postgresql-client && \
  32 | >>>   rm -rf /var/lib/apt/lists/* && \
  33 | >>>   echo "**** configure php-fpm to pass env vars ****" && \
  34 | >>>   sed -E -i 's/^;?clear_env ?=.*$/clear_env = no/g' /etc/php84/php-fpm.d/www.conf && \
  35 | >>>   if ! grep -qxF 'clear_env = no' /etc/php84/php-fpm.d/www.conf; then echo 'clear_env = no' >> /etc/php84/php-fpm.d/www.conf; fi && \
  36 | >>>   echo "**** install lychee ****" && \
  37 | >>>   if [ -z "v${VERSION}" ]; then \
  38 | >>>     VERSION=$(curl -sX GET "https://api.github.com/repos/LycheeOrg/Lychee/releases/latest" \
  39 | >>>     | awk '/tag_name/{print $4;exit}' FS='[""]'); \
  40 | >>>   fi && \
  41 | >>>   curl -o \
  42 | >>>     /tmp/lychee.zip -L \
  43 | >>>     "https://github.com/LycheeOrg/Lychee/releases/download/v${VERSION}/Lychee.zip" && \
  44 | >>>   curl -o \
  45 | >>>     /tmp/lychee.zip.sigstore.json -L \
  46 | >>>     "https://github.com/LycheeOrg/Lychee/releases/download/v${VERSION}/Lychee.zip.sigstore.json" && \
  47 | >>>   cosign verify-blob --key /config/lychee.pub --bundle /tmp/lychee.zip.sigstore.json /tmp/lychee.zip && \
  48 | >>>   unzip -q /tmp/lychee.zip -d /app && \
  49 | >>>   mv /app/Lychee /app/www && \
  50 | >>>   echo "**** install composer dependencies ****" && \
  51 | >>>   composer install \
  52 | >>>     -d /app/www \
  53 | >>>     --no-interaction \
  54 | >>>     --no-dev \
  55 | >>>     --prefer-dist && \
  56 | >>>   echo "**** remove bloat ****" && \
  57 | >>>   find . -wholename '*/[Tt]ests/*' -delete && \
  58 | >>>   find . -wholename '*/[Tt]est/*' -delete && \
  59 | >>>   rm -rf /app/www/storage/framework/cache/data/* && \
  60 | >>>   rm -rf /app/www/storage/framework/sessions/* && \
  61 | >>>   rm -rf /app/www/storage/framework/views/* && \
  62 | >>>   rm -rf /app/www/storage/logs/* && \
  63 | >>>   echo "**** cleanup ****" && \
  64 | >>>   rm -rf \
  65 | >>>     /tmp/* \
  66 | >>>     $HOME/.cache \
  67 | >>>     $HOME/.composer \
  68 | >>>     $HOME/.npm
  69 |     
--------------------
ERROR: failed to build: failed to solve: failed to compute cache key: failed to calculate checksum of ref ntgcosadh0xpbpttq2x5wsvla::ni03yifssxhrpya2dv9c5evrv: "/lychee.pub": not found
