#0 building with "default" instance using docker driver

#1 [internal] load build definition from Dockerfile
#1 transferring dockerfile: 1.07kB done
#1 WARN: FromAsCasing: 'as' and 'FROM' keywords' casing do not match (line 1)
#1 DONE 0.0s

#2 [internal] load metadata for ghcr.io/trueforge-org/ubuntu:24.04
#2 DONE 0.1s

#3 [internal] load metadata for ghcr.io/trueforge-org/golang:1.26.0
#3 DONE 0.3s

#4 [internal] load .dockerignore
#4 transferring context: 2B done
#4 DONE 0.0s

#5 [stage-1 1/6] FROM ghcr.io/trueforge-org/ubuntu:24.04@sha256:5348eb7725294e8090c15b7b495e517f82f4b31497d3bb9de71bbe37476e7454
#5 resolve ghcr.io/trueforge-org/ubuntu:24.04@sha256:5348eb7725294e8090c15b7b495e517f82f4b31497d3bb9de71bbe37476e7454 0.0s done
#5 CACHED

#6 [internal] load build context
#6 transferring context: 3.99kB done
#6 DONE 0.0s

#7 [buildstage 1/3] FROM ghcr.io/trueforge-org/golang:1.26.0@sha256:ecb4c82c8be78165ae38c3c7bc1b0e7f5c65255ad79d2b0aa2c83d2084a8424a
#7 resolve ghcr.io/trueforge-org/golang:1.26.0@sha256:ecb4c82c8be78165ae38c3c7bc1b0e7f5c65255ad79d2b0aa2c83d2084a8424a 0.0s done
#7 sha256:b8d6750c3f1f4de846918bb3ddf327eff1bef3b076a5e1dea28d890e156e948e 0B / 63.66MB 0.2s
#7 sha256:b8d6750c3f1f4de846918bb3ddf327eff1bef3b076a5e1dea28d890e156e948e 8.39MB / 63.66MB 0.5s
#7 sha256:b8d6750c3f1f4de846918bb3ddf327eff1bef3b076a5e1dea28d890e156e948e 15.73MB / 63.66MB 0.6s
#7 sha256:b8d6750c3f1f4de846918bb3ddf327eff1bef3b076a5e1dea28d890e156e948e 26.21MB / 63.66MB 0.8s
#7 sha256:b8d6750c3f1f4de846918bb3ddf327eff1bef3b076a5e1dea28d890e156e948e 36.70MB / 63.66MB 0.9s
#7 sha256:b8d6750c3f1f4de846918bb3ddf327eff1bef3b076a5e1dea28d890e156e948e 48.23MB / 63.66MB 1.1s
#7 sha256:b8d6750c3f1f4de846918bb3ddf327eff1bef3b076a5e1dea28d890e156e948e 58.72MB / 63.66MB 1.2s
#7 sha256:b8d6750c3f1f4de846918bb3ddf327eff1bef3b076a5e1dea28d890e156e948e 63.66MB / 63.66MB 1.3s done
#7 extracting sha256:b8d6750c3f1f4de846918bb3ddf327eff1bef3b076a5e1dea28d890e156e948e
#7 extracting sha256:b8d6750c3f1f4de846918bb3ddf327eff1bef3b076a5e1dea28d890e156e948e 2.1s done
#7 DONE 3.4s

#7 [buildstage 1/3] FROM ghcr.io/trueforge-org/golang:1.26.0@sha256:ecb4c82c8be78165ae38c3c7bc1b0e7f5c65255ad79d2b0aa2c83d2084a8424a
#7 extracting sha256:2c1ce468d9f3d941396801f6e3afc8921466650dd05430fe644cd3537713d27f done
#7 DONE 3.4s

#8 [buildstage 2/3] RUN   echo "**** install build packages ****" &&   apt-get update && apt-get install -y --no-install-recommends     build-essential     go
#8 0.138 **** install build packages ****
#8 0.144 Reading package lists...
#8 0.153 E: List directory /var/lib/apt/lists/partial is missing. - Acquire (13: Permission denied)
#8 ERROR: process "/bin/bash -o pipefail -c echo \"**** install build packages ****\" &&   apt-get update && apt-get install -y --no-install-recommends     build-essential     go" did not complete successfully: exit code: 100
------
 > [buildstage 2/3] RUN   echo "**** install build packages ****" &&   apt-get update && apt-get install -y --no-install-recommends     build-essential     go:
0.138 **** install build packages ****
0.144 Reading package lists...
0.153 E: List directory /var/lib/apt/lists/partial is missing. - Acquire (13: Permission denied)
------

 [33m1 warning found (use docker --debug to expand):
[0m - FromAsCasing: 'as' and 'FROM' keywords' casing do not match (line 1)
Dockerfile:5
--------------------
   4 |     
   5 | >>> RUN \
   6 | >>>   echo "**** install build packages ****" && \
   7 | >>>   apt-get update && apt-get install -y --no-install-recommends \
   8 | >>>     build-essential \
   9 | >>>     go
  10 |     
--------------------
ERROR: failed to build: failed to solve: process "/bin/bash -o pipefail -c echo \"**** install build packages ****\" &&   apt-get update && apt-get install -y --no-install-recommends     build-essential     go" did not complete successfully: exit code: 100
