#0 building with "default" instance using docker driver

#1 [internal] load build definition from Dockerfile
#1 transferring dockerfile: 1.31kB done
#1 DONE 0.0s

#2 [internal] load metadata for ghcr.io/trueforge-org/ubuntu:24.04
#2 DONE 0.1s

#3 [internal] load .dockerignore
#3 transferring context: 2B done
#3 DONE 0.0s

#4 [1/5] FROM ghcr.io/trueforge-org/ubuntu:24.04@sha256:5348eb7725294e8090c15b7b495e517f82f4b31497d3bb9de71bbe37476e7454
#4 resolve ghcr.io/trueforge-org/ubuntu:24.04@sha256:5348eb7725294e8090c15b7b495e517f82f4b31497d3bb9de71bbe37476e7454 0.0s done
#4 CACHED

#5 [internal] load build context
#5 transferring context: 16.16kB 0.0s done
#5 DONE 0.0s

#6 [2/5] RUN   if [ -z ${WIREGUARD_RELEASE+x} ]; then   WIREGUARD_RELEASE=$(curl -sL "http://dl-cdn.alpinelinux.org/alpine/v3.22/main/amd64/APTINDEX.tar.gz" | tar -xz -C /tmp     && awk '/^P:wireguard-tools$/,/V:/' /tmp/APTINDEX | sed -n 2p | sed 's/^V://');   fi &&   echo "**** install dependencies ****" &&   apt-get update && apt-get install -y --no-install-recommends     bc     coredns     iproute2     iptables     iptables     iputils     kmod     libcap2-bin     libqrencode-tools     net-tools     nftables     openresolv     wireguard-tools==${WIREGUARD_RELEASE} &&   echo "wireguard" >> /etc/modules &&   sed -i 's|\[\[ $proto == -4 \]\] && cmd sysctl -q net\.ipv4\.conf\.all\.src_valid_mark=1|[[ $proto == -4 ]] && [[ $(sysctl -n net.ipv4.conf.all.src_valid_mark) != 1 ]] && cmd sysctl -q net.ipv4.conf.all.src_valid_mark=1|' /usr/bin/wg-quick &&   rm -rf /etc/wireguard &&   ln -s /config/wg_confs /etc/wireguard &&   echo "**** clean up ****" &&   rm -rf     /tmp/*
#6 0.157 
#6 0.157 gzip: stdin: not in gzip format
#6 0.158 tar: Child returned status 1
#6 0.158 tar: Error is not recoverable: exiting now
#6 ERROR: process "/bin/bash -o pipefail -c if [ -z ${WIREGUARD_RELEASE+x} ]; then   WIREGUARD_RELEASE=$(curl -sL \"http://dl-cdn.alpinelinux.org/alpine/v3.22/main/$TARGETARCH/APTINDEX.tar.gz\" | tar -xz -C /tmp     && awk '/^P:wireguard-tools$/,/V:/' /tmp/APTINDEX | sed -n 2p | sed 's/^V://');   fi &&   echo \"**** install dependencies ****\" &&   apt-get update && apt-get install -y --no-install-recommends     bc     coredns     iproute2     iptables     iptables     iputils     kmod     libcap2-bin     libqrencode-tools     net-tools     nftables     openresolv     wireguard-tools==${WIREGUARD_RELEASE} &&   echo \"wireguard\" >> /etc/modules &&   sed -i 's|\\[\\[ $proto == -4 \\]\\] && cmd sysctl -q net\\.ipv4\\.conf\\.all\\.src_valid_mark=1|[[ $proto == -4 ]] && [[ $(sysctl -n net.ipv4.conf.all.src_valid_mark) != 1 ]] && cmd sysctl -q net.ipv4.conf.all.src_valid_mark=1|' /usr/bin/wg-quick &&   rm -rf /etc/wireguard &&   ln -s /config/wg_confs /etc/wireguard &&   echo \"**** clean up ****\" &&   rm -rf     /tmp/*" did not complete successfully: exit code: 2
------
 > [2/5] RUN   if [ -z ${WIREGUARD_RELEASE+x} ]; then   WIREGUARD_RELEASE=$(curl -sL "http://dl-cdn.alpinelinux.org/alpine/v3.22/main/amd64/APTINDEX.tar.gz" | tar -xz -C /tmp     && awk '/^P:wireguard-tools$/,/V:/' /tmp/APTINDEX | sed -n 2p | sed 's/^V://');   fi &&   echo "**** install dependencies ****" &&   apt-get update && apt-get install -y --no-install-recommends     bc     coredns     iproute2     iptables     iptables     iputils     kmod     libcap2-bin     libqrencode-tools     net-tools     nftables     openresolv     wireguard-tools==${WIREGUARD_RELEASE} &&   echo "wireguard" >> /etc/modules &&   sed -i 's|\[\[ $proto == -4 \]\] && cmd sysctl -q net\.ipv4\.conf\.all\.src_valid_mark=1|[[ $proto == -4 ]] && [[ $(sysctl -n net.ipv4.conf.all.src_valid_mark) != 1 ]] && cmd sysctl -q net.ipv4.conf.all.src_valid_mark=1|' /usr/bin/wg-quick &&   rm -rf /etc/wireguard &&   ln -s /config/wg_confs /etc/wireguard &&   echo "**** clean up ****" &&   rm -rf     /tmp/*:
0.157 
0.157 gzip: stdin: not in gzip format
0.158 tar: Child returned status 1
0.158 tar: Error is not recoverable: exiting now
------
Dockerfile:10
--------------------
   9 |     
  10 | >>> RUN \
  11 | >>>   if [ -z ${WIREGUARD_RELEASE+x} ]; then \
  12 | >>>   WIREGUARD_RELEASE=$(curl -sL "http://dl-cdn.alpinelinux.org/alpine/v3.22/main/$TARGETARCH/APTINDEX.tar.gz" | tar -xz -C /tmp \
  13 | >>>     && awk '/^P:wireguard-tools$/,/V:/' /tmp/APTINDEX | sed -n 2p | sed 's/^V://'); \
  14 | >>>   fi && \
  15 | >>>   echo "**** install dependencies ****" && \
  16 | >>>   apt-get update && apt-get install -y --no-install-recommends \
  17 | >>>     bc \
  18 | >>>     coredns \
  19 | >>>     iproute2 \
  20 | >>>     iptables \
  21 | >>>     iptables \
  22 | >>>     iputils \
  23 | >>>     kmod \
  24 | >>>     libcap2-bin \
  25 | >>>     libqrencode-tools \
  26 | >>>     net-tools \
  27 | >>>     nftables \
  28 | >>>     openresolv \
  29 | >>>     wireguard-tools==${WIREGUARD_RELEASE} && \
  30 | >>>   echo "wireguard" >> /etc/modules && \
  31 | >>>   sed -i 's|\[\[ $proto == -4 \]\] && cmd sysctl -q net\.ipv4\.conf\.all\.src_valid_mark=1|[[ $proto == -4 ]] && [[ $(sysctl -n net.ipv4.conf.all.src_valid_mark) != 1 ]] && cmd sysctl -q net.ipv4.conf.all.src_valid_mark=1|' /usr/bin/wg-quick && \
  32 | >>>   rm -rf /etc/wireguard && \
  33 | >>>   ln -s /config/wg_confs /etc/wireguard && \
  34 | >>>   echo "**** clean up ****" && \
  35 | >>>   rm -rf \
  36 | >>>     /tmp/*
  37 |     
--------------------
ERROR: failed to build: failed to solve: process "/bin/bash -o pipefail -c if [ -z ${WIREGUARD_RELEASE+x} ]; then   WIREGUARD_RELEASE=$(curl -sL \"http://dl-cdn.alpinelinux.org/alpine/v3.22/main/$TARGETARCH/APTINDEX.tar.gz\" | tar -xz -C /tmp     && awk '/^P:wireguard-tools$/,/V:/' /tmp/APTINDEX | sed -n 2p | sed 's/^V://');   fi &&   echo \"**** install dependencies ****\" &&   apt-get update && apt-get install -y --no-install-recommends     bc     coredns     iproute2     iptables     iptables     iputils     kmod     libcap2-bin     libqrencode-tools     net-tools     nftables     openresolv     wireguard-tools==${WIREGUARD_RELEASE} &&   echo \"wireguard\" >> /etc/modules &&   sed -i 's|\\[\\[ $proto == -4 \\]\\] && cmd sysctl -q net\\.ipv4\\.conf\\.all\\.src_valid_mark=1|[[ $proto == -4 ]] && [[ $(sysctl -n net.ipv4.conf.all.src_valid_mark) != 1 ]] && cmd sysctl -q net.ipv4.conf.all.src_valid_mark=1|' /usr/bin/wg-quick &&   rm -rf /etc/wireguard &&   ln -s /config/wg_confs /etc/wireguard &&   echo \"**** clean up ****\" &&   rm -rf     /tmp/*" did not complete successfully: exit code: 2
