#0 building with "default" instance using docker driver

#1 [internal] load build definition from Dockerfile
#1 transferring dockerfile: 2.73kB done
#1 DONE 0.0s

#2 [internal] load metadata for ghcr.io/trueforge-org/ubuntu:24.04
#2 DONE 0.3s

#3 [internal] load metadata for ghcr.io/trueforge-org/python:3.13.12
#3 DONE 0.3s

#4 [internal] load .dockerignore
#4 transferring context: 2B done
#4 DONE 0.0s

#5 [buildstage 1/4] FROM ghcr.io/trueforge-org/python:3.13.12@sha256:d9b5d12c8e22d9b84df211da15c73e7e2b36441675f00bba2c706f93526c602b
#5 resolve ghcr.io/trueforge-org/python:3.13.12@sha256:d9b5d12c8e22d9b84df211da15c73e7e2b36441675f00bba2c706f93526c602b 0.0s done
#5 CACHED

#6 [stage-1 1/7] FROM ghcr.io/trueforge-org/ubuntu:24.04@sha256:5348eb7725294e8090c15b7b495e517f82f4b31497d3bb9de71bbe37476e7454
#6 resolve ghcr.io/trueforge-org/ubuntu:24.04@sha256:5348eb7725294e8090c15b7b495e517f82f4b31497d3bb9de71bbe37476e7454 0.0s done
#6 CACHED

#7 [internal] load build context
#7 transferring context: 6.29kB done
#7 DONE 0.0s

#8 [buildstage 2/4] RUN   echo "**** install build packages ****" &&   apt-get update && apt-get install -y --no-install-recommends     argon2-dev     autoconf     automake     libboost-dev    build-essential     c-ares-dev     libsasl2-dev     gettext     libicu-dev     libssl-dev     perl-dev     python3-dev     swig     tcl-dev &&   python3 -m venv /config/venv &&   pip install -U --no-cache-dir pip setuptools &&   pip install -U --no-cache-dir cmake
#8 0.193 **** install build packages ****
#8 0.202 Reading package lists...
#8 0.215 E: List directory /var/lib/apt/lists/partial is missing. - Acquire (13: Permission denied)
#8 ERROR: process "/bin/bash -o pipefail -c echo \"**** install build packages ****\" &&   apt-get update && apt-get install -y --no-install-recommends     argon2-dev     autoconf     automake     libboost-dev    build-essential     c-ares-dev     libsasl2-dev     gettext     libicu-dev     libssl-dev     perl-dev     python3-dev     swig     tcl-dev &&   python3 -m venv /config/venv &&   pip install -U --no-cache-dir pip setuptools &&   pip install -U --no-cache-dir cmake" did not complete successfully: exit code: 100
------
 > [buildstage 2/4] RUN   echo "**** install build packages ****" &&   apt-get update && apt-get install -y --no-install-recommends     argon2-dev     autoconf     automake     libboost-dev    build-essential     c-ares-dev     libsasl2-dev     gettext     libicu-dev     libssl-dev     perl-dev     python3-dev     swig     tcl-dev &&   python3 -m venv /config/venv &&   pip install -U --no-cache-dir pip setuptools &&   pip install -U --no-cache-dir cmake:
0.193 **** install build packages ****
0.202 Reading package lists...
0.215 E: List directory /var/lib/apt/lists/partial is missing. - Acquire (13: Permission denied)
------
Dockerfile:9
--------------------
   8 |     
   9 | >>> RUN \
  10 | >>>   echo "**** install build packages ****" && \
  11 | >>>   apt-get update && apt-get install -y --no-install-recommends \
  12 | >>>     argon2-dev \
  13 | >>>     autoconf \
  14 | >>>     automake \
  15 | >>>     libboost-dev\
  16 | >>>     build-essential \
  17 | >>>     c-ares-dev \
  18 | >>>     libsasl2-dev \
  19 | >>>     gettext \
  20 | >>>     libicu-dev \
  21 | >>>     libssl-dev \
  22 | >>>     perl-dev \
  23 | >>>     python3-dev \
  24 | >>>     swig \
  25 | >>>     tcl-dev && \
  26 | >>>   python3 -m venv /config/venv && \
  27 | >>>   pip install -U --no-cache-dir pip setuptools && \
  28 | >>>   pip install -U --no-cache-dir cmake
  29 |     
--------------------
ERROR: failed to build: failed to solve: process "/bin/bash -o pipefail -c echo \"**** install build packages ****\" &&   apt-get update && apt-get install -y --no-install-recommends     argon2-dev     autoconf     automake     libboost-dev    build-essential     c-ares-dev     libsasl2-dev     gettext     libicu-dev     libssl-dev     perl-dev     python3-dev     swig     tcl-dev &&   python3 -m venv /config/venv &&   pip install -U --no-cache-dir pip setuptools &&   pip install -U --no-cache-dir cmake" did not complete successfully: exit code: 100
