#0 building with "default" instance using docker driver

#1 [internal] load build definition from Dockerfile
#1 transferring dockerfile: 1.55kB done
#1 WARN: FromAsCasing: 'as' and 'FROM' keywords' casing do not match (line 1)
#1 DONE 0.0s

#2 [internal] load metadata for ghcr.io/trueforge-org/golang:1.26.0
#2 DONE 0.1s

#3 [internal] load metadata for ghcr.io/trueforge-org/ubuntu:24.04
#3 DONE 0.1s

#4 [internal] load .dockerignore
#4 transferring context: 2B done
#4 DONE 0.0s

#5 [buildstage 1/2] FROM ghcr.io/trueforge-org/golang:1.26.0@sha256:ecb4c82c8be78165ae38c3c7bc1b0e7f5c65255ad79d2b0aa2c83d2084a8424a
#5 resolve ghcr.io/trueforge-org/golang:1.26.0@sha256:ecb4c82c8be78165ae38c3c7bc1b0e7f5c65255ad79d2b0aa2c83d2084a8424a 0.0s done
#5 CACHED

#6 [stage-1 1/5] FROM ghcr.io/trueforge-org/ubuntu:24.04@sha256:5348eb7725294e8090c15b7b495e517f82f4b31497d3bb9de71bbe37476e7454
#6 resolve ghcr.io/trueforge-org/ubuntu:24.04@sha256:5348eb7725294e8090c15b7b495e517f82f4b31497d3bb9de71bbe37476e7454 0.0s done
#6 CACHED

#7 [internal] load build context
#7 transferring context: 5.14kB done
#7 DONE 0.0s

#8 [stage-1 2/5] RUN   echo "**** install runtime packages ****" &&   apt-get update && apt-get install -y --no-install-recommends     openssl
#8 0.193 **** install runtime packages ****
#8 CANCELED

#9 [buildstage 2/2] RUN   echo "**** install build packages ****" &&   apt-get update && apt-get install -y --no-install-recommends     build-essential     golang-go     openssl &&   echo "**** fetch source code ****" &&   mkdir -p     /tmp/src/github.com/pydio/cells &&   curl -o     /tmp/cells-src.tar.gz -L     https://github.com/pydio/cells/archive/v${VERSION}.tar.gz &&   tar xf     /tmp/cells-src.tar.gz -C     /tmp/src/github.com/pydio/cells --strip-components=1 &&   echo "**** compile cells  ****" &&   cd /tmp/src/github.com/pydio/cells &&   GOARCH=$TARGETARCH GOOS=linux go build -trimpath     -ldflags "    -X github.com/pydio/cells/v4/common.version=${VERSION:1}     -X github.com/pydio/cells/v4/common.BuildStamp=${BUILD_DATE}     -X github.com/pydio/cells/v4/common.BuildRevision=v${VERSION}"     -o /app/cells -x . &&   echo "**** cleanup ****" &&   apt-get autoremove -y &&   rm -rf     /tmp/*     "/config"/.cache     "/config"/go
#9 0.198 **** install build packages ****
#9 0.205 Reading package lists...
#9 0.214 E: List directory /var/lib/apt/lists/partial is missing. - Acquire (13: Permission denied)
#9 ERROR: process "/bin/bash -o pipefail -c echo \"**** install build packages ****\" &&   apt-get update && apt-get install -y --no-install-recommends     build-essential     golang-go     openssl &&   echo \"**** fetch source code ****\" &&   mkdir -p     /tmp/src/github.com/pydio/cells &&   curl -o     /tmp/cells-src.tar.gz -L     https://github.com/pydio/cells/archive/v${VERSION}.tar.gz &&   tar xf     /tmp/cells-src.tar.gz -C     /tmp/src/github.com/pydio/cells --strip-components=1 &&   echo \"**** compile cells  ****\" &&   cd /tmp/src/github.com/pydio/cells &&   GOARCH=$TARGETARCH GOOS=linux go build -trimpath     -ldflags \"    -X github.com/pydio/cells/v4/common.version=${VERSION:1}     -X github.com/pydio/cells/v4/common.BuildStamp=${BUILD_DATE}     -X github.com/pydio/cells/v4/common.BuildRevision=v${VERSION}\"     -o /app/cells -x . &&   echo \"**** cleanup ****\" &&   apt-get autoremove -y &&   rm -rf     /tmp/*     \"${HOME}\"/.cache     \"${HOME}\"/go" did not complete successfully: exit code: 100
------
 > [buildstage 2/2] RUN   echo "**** install build packages ****" &&   apt-get update && apt-get install -y --no-install-recommends     build-essential     golang-go     openssl &&   echo "**** fetch source code ****" &&   mkdir -p     /tmp/src/github.com/pydio/cells &&   curl -o     /tmp/cells-src.tar.gz -L     https://github.com/pydio/cells/archive/v${VERSION}.tar.gz &&   tar xf     /tmp/cells-src.tar.gz -C     /tmp/src/github.com/pydio/cells --strip-components=1 &&   echo "**** compile cells  ****" &&   cd /tmp/src/github.com/pydio/cells &&   GOARCH=$TARGETARCH GOOS=linux go build -trimpath     -ldflags "    -X github.com/pydio/cells/v4/common.version=${VERSION:1}     -X github.com/pydio/cells/v4/common.BuildStamp=${BUILD_DATE}     -X github.com/pydio/cells/v4/common.BuildRevision=v${VERSION}"     -o /app/cells -x . &&   echo "**** cleanup ****" &&   apt-get autoremove -y &&   rm -rf     /tmp/*     "/config"/.cache     "/config"/go:
0.198 **** install build packages ****
0.205 Reading package lists...
0.214 E: List directory /var/lib/apt/lists/partial is missing. - Acquire (13: Permission denied)
------

 [33m1 warning found (use docker --debug to expand):
[0m - FromAsCasing: 'as' and 'FROM' keywords' casing do not match (line 1)
Dockerfile:9
--------------------
   8 |     
   9 | >>> RUN \
  10 | >>>   echo "**** install build packages ****" && \
  11 | >>>   apt-get update && apt-get install -y --no-install-recommends \
  12 | >>>     build-essential \
  13 | >>>     golang-go \
  14 | >>>     openssl && \
  15 | >>>   echo "**** fetch source code ****" && \
  16 | >>>   mkdir -p \
  17 | >>>     /tmp/src/github.com/pydio/cells && \
  18 | >>>   curl -o \
  19 | >>>     /tmp/cells-src.tar.gz -L \
  20 | >>>     https://github.com/pydio/cells/archive/v${VERSION}.tar.gz && \
  21 | >>>   tar xf \
  22 | >>>     /tmp/cells-src.tar.gz -C \
  23 | >>>     /tmp/src/github.com/pydio/cells --strip-components=1 && \
  24 | >>>   echo "**** compile cells  ****" && \
  25 | >>>   cd /tmp/src/github.com/pydio/cells && \
  26 | >>>   GOARCH=$TARGETARCH GOOS=linux go build -trimpath \
  27 | >>>     -ldflags "\
  28 | >>>     -X github.com/pydio/cells/v4/common.version=${VERSION:1} \
  29 | >>>     -X github.com/pydio/cells/v4/common.BuildStamp=${BUILD_DATE} \
  30 | >>>     -X github.com/pydio/cells/v4/common.BuildRevision=v${VERSION}" \
  31 | >>>     -o /app/cells -x . && \
  32 | >>>   echo "**** cleanup ****" && \
  33 | >>>   apt-get autoremove -y && \
  34 | >>>   rm -rf \
  35 | >>>     /tmp/* \
  36 | >>>     "${HOME}"/.cache \
  37 | >>>     "${HOME}"/go
  38 |     
--------------------
ERROR: failed to build: failed to solve: process "/bin/bash -o pipefail -c echo \"**** install build packages ****\" &&   apt-get update && apt-get install -y --no-install-recommends     build-essential     golang-go     openssl &&   echo \"**** fetch source code ****\" &&   mkdir -p     /tmp/src/github.com/pydio/cells &&   curl -o     /tmp/cells-src.tar.gz -L     https://github.com/pydio/cells/archive/v${VERSION}.tar.gz &&   tar xf     /tmp/cells-src.tar.gz -C     /tmp/src/github.com/pydio/cells --strip-components=1 &&   echo \"**** compile cells  ****\" &&   cd /tmp/src/github.com/pydio/cells &&   GOARCH=$TARGETARCH GOOS=linux go build -trimpath     -ldflags \"    -X github.com/pydio/cells/v4/common.version=${VERSION:1}     -X github.com/pydio/cells/v4/common.BuildStamp=${BUILD_DATE}     -X github.com/pydio/cells/v4/common.BuildRevision=v${VERSION}\"     -o /app/cells -x . &&   echo \"**** cleanup ****\" &&   apt-get autoremove -y &&   rm -rf     /tmp/*     \"${HOME}\"/.cache     \"${HOME}\"/go" did not complete successfully: exit code: 100
