#0 building with "default" instance using docker driver

#1 [internal] load build definition from Dockerfile
#1 transferring dockerfile: 817B done
#1 DONE 0.0s

#2 [internal] load metadata for ghcr.io/trueforge-org/node:22.22.0
#2 DONE 0.3s

#3 [internal] load .dockerignore
#3 transferring context: 2B done
#3 DONE 0.0s

#4 [1/4] FROM ghcr.io/trueforge-org/node:22.22.0@sha256:b003160352643fa8b3341f2550c484d1ec754078df700f7a87948584e0a5939c
#4 resolve ghcr.io/trueforge-org/node:22.22.0@sha256:b003160352643fa8b3341f2550c484d1ec754078df700f7a87948584e0a5939c 0.0s done
#4 CACHED

#5 [internal] load build context
#5 transferring context: 3.54kB done
#5 DONE 0.0s

#6 [2/4] RUN echo "**** install pairdrop ****" &&   mkdir -p /app &&   curl -o     /tmp/pairdrop.tar.gz -L     "https://github.com/schlagmichdoch/PairDrop/archive/refs/tags/v${VERSION}.tar.gz" &&   tar xf     /tmp/pairdrop.tar.gz -C     ./ --strip-components=1 &&   cd /app &&   chown -R apps:apps ./ &&   su -s /bin/sh apps -c 'HOME=/tmp NODE_ENV=production npm ic' &&   chown -R apps:apps /app && chmod -R 755 /app &&   echo "**** cleanup ****" &&   rm -rf     /app/nodehome/.cache     /tmp/*     /tmp/.npm
#6 0.174 **** install pairdrop ****
#6 0.181   % Total    % Received % Xferd  Average Speed   Time    Time     Time  Current
#6 0.181                                  Dload  Upload   Total   Spent    Left  Speed
#6 0.181   0     0    0     0    0     0      0      0 --:--:-- --:--:-- --:--:--     0  0     0    0     0    0     0      0      0 --:--:-- --:--:-- --:--:--     0  0     0    0     0    0     0      0      0 --:--:-- --:--:-- --:--:--     0
#6 0.631 100    14  100    14    0     0     31      0 --:--:-- --:--:-- --:--:--    31
#6 0.634 tar: This does not look like a tar archive
#6 0.635 
#6 0.635 gzip: stdin: not in gzip format
#6 0.635 tar: Child returned status 1
#6 0.635 tar: Error is not recoverable: exiting now
#6 ERROR: process "/bin/bash -o pipefail -c echo \"**** install pairdrop ****\" &&   mkdir -p /app &&   curl -o     /tmp/pairdrop.tar.gz -L     \"https://github.com/schlagmichdoch/PairDrop/archive/refs/tags/v${VERSION}.tar.gz\" &&   tar xf     /tmp/pairdrop.tar.gz -C     ./ --strip-components=1 &&   cd /app &&   chown -R apps:apps ./ &&   su -s /bin/sh apps -c 'HOME=/tmp NODE_ENV=production npm ic' &&   chown -R apps:apps /app && chmod -R 755 /app &&   echo \"**** cleanup ****\" &&   rm -rf     $HOME/.cache     /tmp/*     /tmp/.npm" did not complete successfully: exit code: 2
------
 > [2/4] RUN echo "**** install pairdrop ****" &&   mkdir -p /app &&   curl -o     /tmp/pairdrop.tar.gz -L     "https://github.com/schlagmichdoch/PairDrop/archive/refs/tags/v${VERSION}.tar.gz" &&   tar xf     /tmp/pairdrop.tar.gz -C     ./ --strip-components=1 &&   cd /app &&   chown -R apps:apps ./ &&   su -s /bin/sh apps -c 'HOME=/tmp NODE_ENV=production npm ic' &&   chown -R apps:apps /app && chmod -R 755 /app &&   echo "**** cleanup ****" &&   rm -rf     /app/nodehome/.cache     /tmp/*     /tmp/.npm:
0.174 **** install pairdrop ****
  0     0    0     0    0     0      0      0 --:--:-- --:--:-- --:--:--     0
0.631 100    14  100    14    0     0     31      0 --:--:-- --:--:-- --:--:--    31
0.634 tar: This does not look like a tar archive
0.635 
0.635 gzip: stdin: not in gzip format
0.635 tar: Child returned status 1
0.635 tar: Error is not recoverable: exiting now
------
Dockerfile:11
--------------------
  10 |     
  11 | >>> RUN echo "**** install pairdrop ****" && \
  12 | >>>   mkdir -p /app && \
  13 | >>>   curl -o \
  14 | >>>     /tmp/pairdrop.tar.gz -L \
  15 | >>>     "https://github.com/schlagmichdoch/PairDrop/archive/refs/tags/v${VERSION}.tar.gz" && \
  16 | >>>   tar xf \
  17 | >>>     /tmp/pairdrop.tar.gz -C \
  18 | >>>     ./ --strip-components=1 && \
  19 | >>>   cd /app && \
  20 | >>>   chown -R apps:apps ./ && \
  21 | >>>   su -s /bin/sh apps -c 'HOME=/tmp NODE_ENV=production npm ic' && \
  22 | >>>   chown -R apps:apps /app && chmod -R 755 /app && \
  23 | >>>   echo "**** cleanup ****" && \
  24 | >>>   rm -rf \
  25 | >>>     $HOME/.cache \
  26 | >>>     /tmp/* \
  27 | >>>     /tmp/.npm
  28 |     
--------------------
ERROR: failed to build: failed to solve: process "/bin/bash -o pipefail -c echo \"**** install pairdrop ****\" &&   mkdir -p /app &&   curl -o     /tmp/pairdrop.tar.gz -L     \"https://github.com/schlagmichdoch/PairDrop/archive/refs/tags/v${VERSION}.tar.gz\" &&   tar xf     /tmp/pairdrop.tar.gz -C     ./ --strip-components=1 &&   cd /app &&   chown -R apps:apps ./ &&   su -s /bin/sh apps -c 'HOME=/tmp NODE_ENV=production npm ic' &&   chown -R apps:apps /app && chmod -R 755 /app &&   echo \"**** cleanup ****\" &&   rm -rf     $HOME/.cache     /tmp/*     /tmp/.npm" did not complete successfully: exit code: 2
