#0 building with "default" instance using docker driver

#1 [internal] load build definition from Dockerfile
#1 transferring dockerfile: 1.28kB done
#1 DONE 0.0s

#2 [internal] load metadata for ghcr.io/trueforge-org/ubuntu:24.04
#2 DONE 0.1s

#3 [internal] load .dockerignore
#3 transferring context: 2B done
#3 DONE 0.0s

#4 [builder 1/5] FROM ghcr.io/trueforge-org/ubuntu:24.04@sha256:5348eb7725294e8090c15b7b495e517f82f4b31497d3bb9de71bbe37476e7454
#4 resolve ghcr.io/trueforge-org/ubuntu:24.04@sha256:5348eb7725294e8090c15b7b495e517f82f4b31497d3bb9de71bbe37476e7454 0.0s done
#4 CACHED

#5 [internal] load build context
#5 transferring context: 3.63kB done
#5 DONE 0.0s

#6 [builder 2/5] COPY /patches /patches
#6 ERROR: failed to calculate checksum of ref ntgcosadh0xpbpttq2x5wsvla::4ntfjn2utfwlmgj39eus805gj: "/patches": not found
------
 > [builder 2/5] COPY /patches /patches:
------
Dockerfile:3
--------------------
   1 |     FROM ghcr.io/trueforge-org/ubuntu:24.04 AS builder
   2 |     
   3 | >>> COPY /patches /patches
   4 |     ENV PATCH_VERSION=21 \
   5 |         APT_BRANCH=3.22-stable \
--------------------
ERROR: failed to build: failed to solve: failed to compute cache key: failed to calculate checksum of ref ntgcosadh0xpbpttq2x5wsvla::4ntfjn2utfwlmgj39eus805gj: "/patches": not found
