#0 building with "default" instance using docker driver

#1 [internal] load build definition from Dockerfile
#1 transferring dockerfile: 1.87kB done
#1 DONE 0.0s

#2 [internal] load metadata for ghcr.io/trueforge-org/node:22.22.0
#2 ...

#3 [internal] load metadata for ghcr.io/trueforge-org/python:3.13.12
#3 DONE 0.3s

#2 [internal] load metadata for ghcr.io/trueforge-org/node:22.22.0
#2 DONE 0.3s

#4 [internal] load .dockerignore
#4 transferring context: 2B done
#4 DONE 0.0s

#5 [stage-1 1/8] FROM ghcr.io/trueforge-org/node:22.22.0@sha256:b003160352643fa8b3341f2550c484d1ec754078df700f7a87948584e0a5939c
#5 resolve ghcr.io/trueforge-org/node:22.22.0@sha256:b003160352643fa8b3341f2550c484d1ec754078df700f7a87948584e0a5939c 0.0s done
#5 CACHED

#6 [buildstage 1/2] FROM ghcr.io/trueforge-org/python:3.13.12@sha256:d9b5d12c8e22d9b84df211da15c73e7e2b36441675f00bba2c706f93526c602b
#6 resolve ghcr.io/trueforge-org/python:3.13.12@sha256:d9b5d12c8e22d9b84df211da15c73e7e2b36441675f00bba2c706f93526c602b 0.0s done
#6 CACHED

#7 [internal] load build context
#7 transferring context: 4.97kB done
#7 DONE 0.0s

#8 [buildstage 2/2] RUN   echo "**** install packages ****" &&   apt-get update && apt-get install -y --no-install-recommends     giflib     libgsf     nodejs     vips &&   apt-get update && apt-get install -y --no-install-recommends     build-essential     npm     py3-setuptools &&   echo "**** install planka ****" &&   mkdir -p /build &&   curl -o     /tmp/planka.tar.gz -L     "https://github.com/plankanban/planka/archive/v${VERSION}.tar.gz" &&   tar xf     /tmp/planka.tar.gz -C     /build --strip-components=1 &&   cd /build/server &&   npm install pnpm@9 --global &&   pnpm import &&   pnpm install --prod &&   cd /build/client &&   pnpm import &&   pnpm install --prod &&   DISABLE_ESLINT_PLUGIN=true npm run build &&   echo "**** cleanup ****" &&   apt-get autoremove -y &&   rm -rf     /config/.cache     /config/.local     /config/.npm     /tmp/*
#8 0.157 **** install packages ****
#8 0.164 Reading package lists...
#8 0.173 E: List directory /var/lib/apt/lists/partial is missing. - Acquire (13: Permission denied)
#8 ERROR: process "/bin/bash -o pipefail -c echo \"**** install packages ****\" &&   apt-get update && apt-get install -y --no-install-recommends     giflib     libgsf     nodejs     vips &&   apt-get update && apt-get install -y --no-install-recommends     build-essential     npm     py3-setuptools &&   echo \"**** install planka ****\" &&   mkdir -p /build &&   curl -o     /tmp/planka.tar.gz -L     \"https://github.com/plankanban/planka/archive/v${VERSION}.tar.gz\" &&   tar xf     /tmp/planka.tar.gz -C     /build --strip-components=1 &&   cd /build/server &&   npm install pnpm@9 --global &&   pnpm import &&   pnpm install --prod &&   cd /build/client &&   pnpm import &&   pnpm install --prod &&   DISABLE_ESLINT_PLUGIN=true npm run build &&   echo \"**** cleanup ****\" &&   apt-get autoremove -y &&   rm -rf     $HOME/.cache     $HOME/.local     $HOME/.npm     /tmp/*" did not complete successfully: exit code: 100
------
 > [buildstage 2/2] RUN   echo "**** install packages ****" &&   apt-get update && apt-get install -y --no-install-recommends     giflib     libgsf     nodejs     vips &&   apt-get update && apt-get install -y --no-install-recommends     build-essential     npm     py3-setuptools &&   echo "**** install planka ****" &&   mkdir -p /build &&   curl -o     /tmp/planka.tar.gz -L     "https://github.com/plankanban/planka/archive/v${VERSION}.tar.gz" &&   tar xf     /tmp/planka.tar.gz -C     /build --strip-components=1 &&   cd /build/server &&   npm install pnpm@9 --global &&   pnpm import &&   pnpm install --prod &&   cd /build/client &&   pnpm import &&   pnpm install --prod &&   DISABLE_ESLINT_PLUGIN=true npm run build &&   echo "**** cleanup ****" &&   apt-get autoremove -y &&   rm -rf     /config/.cache     /config/.local     /config/.npm     /tmp/*:
0.157 **** install packages ****
0.164 Reading package lists...
0.173 E: List directory /var/lib/apt/lists/partial is missing. - Acquire (13: Permission denied)
------
Dockerfile:5
--------------------
   4 |     
   5 | >>> RUN \
   6 | >>>   echo "**** install packages ****" && \
   7 | >>>   apt-get update && apt-get install -y --no-install-recommends \
   8 | >>>     giflib \
   9 | >>>     libgsf \
  10 | >>>     nodejs \
  11 | >>>     vips && \
  12 | >>>   apt-get update && apt-get install -y --no-install-recommends \
  13 | >>>     build-essential \
  14 | >>>     npm \
  15 | >>>     py3-setuptools && \
  16 | >>>   echo "**** install planka ****" && \
  17 | >>>   mkdir -p /build && \
  18 | >>>   curl -o \
  19 | >>>     /tmp/planka.tar.gz -L \
  20 | >>>     "https://github.com/plankanban/planka/archive/v${VERSION}.tar.gz" && \
  21 | >>>   tar xf \
  22 | >>>     /tmp/planka.tar.gz -C \
  23 | >>>     /build --strip-components=1 && \
  24 | >>>   cd /build/server && \
  25 | >>>   npm install pnpm@9 --global && \
  26 | >>>   pnpm import && \
  27 | >>>   pnpm install --prod && \
  28 | >>>   cd /build/client && \
  29 | >>>   pnpm import && \
  30 | >>>   pnpm install --prod && \
  31 | >>>   DISABLE_ESLINT_PLUGIN=true npm run build && \
  32 | >>>   echo "**** cleanup ****" && \
  33 | >>>   apt-get autoremove -y && \
  34 | >>>   rm -rf \
  35 | >>>     $HOME/.cache \
  36 | >>>     $HOME/.local \
  37 | >>>     $HOME/.npm \
  38 | >>>     /tmp/*
  39 |     
--------------------
ERROR: failed to build: failed to solve: process "/bin/bash -o pipefail -c echo \"**** install packages ****\" &&   apt-get update && apt-get install -y --no-install-recommends     giflib     libgsf     nodejs     vips &&   apt-get update && apt-get install -y --no-install-recommends     build-essential     npm     py3-setuptools &&   echo \"**** install planka ****\" &&   mkdir -p /build &&   curl -o     /tmp/planka.tar.gz -L     \"https://github.com/plankanban/planka/archive/v${VERSION}.tar.gz\" &&   tar xf     /tmp/planka.tar.gz -C     /build --strip-components=1 &&   cd /build/server &&   npm install pnpm@9 --global &&   pnpm import &&   pnpm install --prod &&   cd /build/client &&   pnpm import &&   pnpm install --prod &&   DISABLE_ESLINT_PLUGIN=true npm run build &&   echo \"**** cleanup ****\" &&   apt-get autoremove -y &&   rm -rf     $HOME/.cache     $HOME/.local     $HOME/.npm     /tmp/*" did not complete successfully: exit code: 100
