#0 building with "default" instance using docker driver

#1 [internal] load build definition from Dockerfile
#1 transferring dockerfile: 1.06kB done
#1 DONE 0.0s

#2 [internal] load metadata for ghcr.io/trueforge-org/java8:8
#2 DONE 0.7s

#3 [internal] load .dockerignore
#3 transferring context: 2B done
#3 DONE 0.0s

#4 [internal] load build context
#4 transferring context: 3.59kB done
#4 DONE 0.0s

#5 [buildstage 1/2] FROM ghcr.io/trueforge-org/java8:8@sha256:51c920918b599e01b2ec2e3aab81ab434c54349302de9ebfc44b0abe6794bfc4
#5 resolve ghcr.io/trueforge-org/java8:8@sha256:51c920918b599e01b2ec2e3aab81ab434c54349302de9ebfc44b0abe6794bfc4 0.0s done
#5 sha256:019d7f3f08fd832c792950ff537fae7b423fdaf508c83b58994bd0b800277bae 0B / 46.24MB 0.2s
#5 sha256:019d7f3f08fd832c792950ff537fae7b423fdaf508c83b58994bd0b800277bae 11.53MB / 46.24MB 0.5s
#5 sha256:019d7f3f08fd832c792950ff537fae7b423fdaf508c83b58994bd0b800277bae 16.78MB / 46.24MB 0.6s
#5 sha256:019d7f3f08fd832c792950ff537fae7b423fdaf508c83b58994bd0b800277bae 24.12MB / 46.24MB 0.8s
#5 sha256:019d7f3f08fd832c792950ff537fae7b423fdaf508c83b58994bd0b800277bae 32.51MB / 46.24MB 0.9s
#5 sha256:019d7f3f08fd832c792950ff537fae7b423fdaf508c83b58994bd0b800277bae 39.85MB / 46.24MB 1.1s
#5 sha256:019d7f3f08fd832c792950ff537fae7b423fdaf508c83b58994bd0b800277bae 46.24MB / 46.24MB 1.2s done
#5 extracting sha256:019d7f3f08fd832c792950ff537fae7b423fdaf508c83b58994bd0b800277bae
#5 extracting sha256:019d7f3f08fd832c792950ff537fae7b423fdaf508c83b58994bd0b800277bae 0.2s done
#5 DONE 1.4s

#6 [buildstage 2/2] RUN   echo "**** Install build requirements ****" &&   echo "**** Download Davos ****" &&   curl -o /tmp/davos.tar.gz -L "https://github.com/linuxserver/davos/archive/${VERSION}.tar.gz" &&   echo "**** Build Davos For Release ****" &&   mkdir -p /app/davos/ &&   tar xf /tmp/davos.tar.gz -C /app/davos/ --strip-components=1 &&   cd /app/davos/ &&   ./gradlew -Penv=release clean build &&   echo "**** Copy Finished Jar ****" &&   cp build/libs/*.jar /davos.jar &&   chmod 755 /davos.jar
#6 0.192 **** Install build requirements ****
#6 0.192 **** Download Davos ****
#6 0.199   % Total    % Received % Xferd  Average Speed   Time    Time     Time  Current
#6 0.200                                  Dload  Upload   Total   Spent    Left  Speed
#6 0.200   0     0    0     0    0     0      0      0 --:--:-- --:--:-- --:--:--     0100     9  100     9    0     0     88      0 --:--:-- --:--:-- --:--:--    89
#6 0.302 **** Build Davos For Release ****
#6 0.305 tar: This does not look like a tar archive
#6 0.306 
#6 0.306 gzip: stdin: not in gzip format
#6 0.306 tar: Child returned status 1
#6 0.306 tar: Error is not recoverable: exiting now
#6 ERROR: process "/bin/bash -o pipefail -c echo \"**** Install build requirements ****\" &&   echo \"**** Download Davos ****\" &&   curl -o /tmp/davos.tar.gz -L \"https://github.com/linuxserver/davos/archive/${VERSION}.tar.gz\" &&   echo \"**** Build Davos For Release ****\" &&   mkdir -p /app/davos/ &&   tar xf /tmp/davos.tar.gz -C /app/davos/ --strip-components=1 &&   cd /app/davos/ &&   ./gradlew -Penv=release clean build &&   echo \"**** Copy Finished Jar ****\" &&   cp build/libs/*.jar /davos.jar &&   chmod 755 /davos.jar" did not complete successfully: exit code: 2

#7 [stage-1 2/5] RUN   apt-get update &&   apt-get install -y --no-install-recommends     libsqlite3-0 &&   chown -R apps:apps /app && chmod -R 755 /app &&   rm -rf /var/lib/apt/lists/*
#7 0.296 Get:1 http://archive.ubuntu.com/ubuntu noble InRelease [256 kB]
#7 0.380 Get:2 http://archive.ubuntu.com/ubuntu noble-updates InRelease [126 kB]
#7 CANCELED
------
 > [buildstage 2/2] RUN   echo "**** Install build requirements ****" &&   echo "**** Download Davos ****" &&   curl -o /tmp/davos.tar.gz -L "https://github.com/linuxserver/davos/archive/${VERSION}.tar.gz" &&   echo "**** Build Davos For Release ****" &&   mkdir -p /app/davos/ &&   tar xf /tmp/davos.tar.gz -C /app/davos/ --strip-components=1 &&   cd /app/davos/ &&   ./gradlew -Penv=release clean build &&   echo "**** Copy Finished Jar ****" &&   cp build/libs/*.jar /davos.jar &&   chmod 755 /davos.jar:
0.192 **** Install build requirements ****
0.192 **** Download Davos ****
100     9  100     9    0     0     88      0 --:--:-- --:--:-- --:--:--    89
0.302 **** Build Davos For Release ****
0.305 tar: This does not look like a tar archive
0.306 
0.306 gzip: stdin: not in gzip format
0.306 tar: Child returned status 1
0.306 tar: Error is not recoverable: exiting now
------
Dockerfile:6
--------------------
   5 |     
   6 | >>> RUN \
   7 | >>>   echo "**** Install build requirements ****" && \
   8 | >>>   echo "**** Download Davos ****" && \
   9 | >>>   curl -o /tmp/davos.tar.gz -L "https://github.com/linuxserver/davos/archive/${VERSION}.tar.gz" && \
  10 | >>>   echo "**** Build Davos For Release ****" && \
  11 | >>>   mkdir -p /app/davos/ && \
  12 | >>>   tar xf /tmp/davos.tar.gz -C /app/davos/ --strip-components=1 && \
  13 | >>>   cd /app/davos/ && \
  14 | >>>   ./gradlew -Penv=release clean build && \
  15 | >>>   echo "**** Copy Finished Jar ****" && \
  16 | >>>   cp build/libs/*.jar /davos.jar && \
  17 | >>>   chmod 755 /davos.jar
  18 |     
--------------------
ERROR: failed to build: failed to solve: process "/bin/bash -o pipefail -c echo \"**** Install build requirements ****\" &&   echo \"**** Download Davos ****\" &&   curl -o /tmp/davos.tar.gz -L \"https://github.com/linuxserver/davos/archive/${VERSION}.tar.gz\" &&   echo \"**** Build Davos For Release ****\" &&   mkdir -p /app/davos/ &&   tar xf /tmp/davos.tar.gz -C /app/davos/ --strip-components=1 &&   cd /app/davos/ &&   ./gradlew -Penv=release clean build &&   echo \"**** Copy Finished Jar ****\" &&   cp build/libs/*.jar /davos.jar &&   chmod 755 /davos.jar" did not complete successfully: exit code: 2
