#0 building with "default" instance using docker driver

#1 [internal] load local bake definitions
#1 reading docker-bake.hcl 831B / 831B done
#1 DONE 0.0s

#2 [internal] load build definition from Dockerfile
#2 transferring dockerfile: 589B done
#2 DONE 0.0s

#3 [internal] load metadata for ghcr.io/trueforge-org/java17:17
#3 DONE 0.4s

#4 [internal] load .dockerignore
#4 transferring context: 2B done
#4 DONE 0.0s

#5 [internal] load build context
#5 transferring context: 4.79kB done
#5 DONE 0.0s

#6 [1/5] FROM ghcr.io/trueforge-org/java17:17@sha256:d3955a776d3cd06efa166bd199b250fb819322c945aae55d14118e9f366c68f5
#6 resolve ghcr.io/trueforge-org/java17:17@sha256:d3955a776d3cd06efa166bd199b250fb819322c945aae55d14118e9f366c68f5 0.0s done
#6 sha256:1e867b2519e7f6460d56c804eb2ade94b48774011429da7285edcf05887836f0 4.45MB / 42.66MB 0.2s
#6 sha256:1e867b2519e7f6460d56c804eb2ade94b48774011429da7285edcf05887836f0 29.70MB / 42.66MB 0.3s
#6 sha256:1e867b2519e7f6460d56c804eb2ade94b48774011429da7285edcf05887836f0 42.66MB / 42.66MB 0.4s done
#6 extracting sha256:1e867b2519e7f6460d56c804eb2ade94b48774011429da7285edcf05887836f0
#6 extracting sha256:1e867b2519e7f6460d56c804eb2ade94b48774011429da7285edcf05887836f0 0.3s done
#6 DONE 0.7s

#7 [2/5] RUN echo "**** install ubooquity ****" &&   mkdir -p     /app/ubooquity &&   curl -o   /tmp/ubooquity.zip -L     "https://vaemendis.net/ubooquity/downloads/Ubooquity-3.1.0.zip" &&   unzip /tmp/ubooquity.zip -d /app/ubooquity &&   echo "**** cleanup ****" &&   apt-get autoremove -y &&   rm -rf     /tmp/*
#7 0.140 **** install ubooquity ****
#7 0.148   % Total    % Received % Xferd  Average Speed   Time    Time     Time  Current
#7 0.148                                  Dload  Upload   Total   Spent    Left  Speed
#7 0.148   0     0    0     0    0     0      0      0 --:--:-- --:--:-- --:--:--     0curl: (6) Could not resolve host: vaemendis.net
#7 ERROR: process "/bin/bash -o pipefail -c echo \"**** install ubooquity ****\" &&   mkdir -p     /app/ubooquity &&   curl -o   /tmp/ubooquity.zip -L     \"https://vaemendis.net/ubooquity/downloads/Ubooquity-${VERSION}.zip\" &&   unzip /tmp/ubooquity.zip -d /app/ubooquity &&   echo \"**** cleanup ****\" &&   apt-get autoremove -y &&   rm -rf     /tmp/*" did not complete successfully: exit code: 6
------
 > [2/5] RUN echo "**** install ubooquity ****" &&   mkdir -p     /app/ubooquity &&   curl -o   /tmp/ubooquity.zip -L     "https://vaemendis.net/ubooquity/downloads/Ubooquity-3.1.0.zip" &&   unzip /tmp/ubooquity.zip -d /app/ubooquity &&   echo "**** cleanup ****" &&   apt-get autoremove -y &&   rm -rf     /tmp/*:
0.140 **** install ubooquity ****
0.148   % Total    % Received % Xferd  Average Speed   Time    Time     Time  Current
0.148                                  Dload  Upload   Total   Spent    Left  Speed
0.148   0     0    0     0    0     0      0      0 --:--:-- --:--:-- --:--:--     0curl: (6) Could not resolve host: vaemendis.net
------
Dockerfile:8
--------------------
   7 |     
   8 | >>> RUN echo "**** install ubooquity ****" && \
   9 | >>>   mkdir -p \
  10 | >>>     /app/ubooquity && \
  11 | >>>   curl -o \
  12 | >>>   /tmp/ubooquity.zip -L \
  13 | >>>     "https://vaemendis.net/ubooquity/downloads/Ubooquity-${VERSION}.zip" && \
  14 | >>>   unzip /tmp/ubooquity.zip -d /app/ubooquity && \
  15 | >>>   echo "**** cleanup ****" && \
  16 | >>>   apt-get autoremove -y && \
  17 | >>>   rm -rf \
  18 | >>>     /tmp/*
  19 |     
--------------------
ERROR: failed to solve: process "/bin/bash -o pipefail -c echo \"**** install ubooquity ****\" &&   mkdir -p     /app/ubooquity &&   curl -o   /tmp/ubooquity.zip -L     \"https://vaemendis.net/ubooquity/downloads/Ubooquity-${VERSION}.zip\" &&   unzip /tmp/ubooquity.zip -d /app/ubooquity &&   echo \"**** cleanup ****\" &&   apt-get autoremove -y &&   rm -rf     /tmp/*" did not complete successfully: exit code: 6
