#0 building with "default" instance using docker driver

#1 [internal] load build definition from Dockerfile
#1 transferring dockerfile: 3.74kB done
#1 WARN: FromAsCasing: 'as' and 'FROM' keywords' casing do not match (line 1)
#1 WARN: FromAsCasing: 'as' and 'FROM' keywords' casing do not match (line 15)
#1 WARN: FromAsCasing: 'as' and 'FROM' keywords' casing do not match (line 50)
#1 DONE 0.0s

#2 [internal] load metadata for ghcr.io/trueforge-org/python:3.13.12
#2 ...

#3 [internal] load metadata for ghcr.io/trueforge-org/node:22.22.0
#3 DONE 0.3s

#2 [internal] load metadata for ghcr.io/trueforge-org/python:3.13.12
#2 DONE 0.3s

#4 [internal] load metadata for ghcr.io/trueforge-org/golang:1.26.0
#4 DONE 0.7s

#5 [internal] load .dockerignore
#5 transferring context: 2B done
#5 DONE 0.0s

#6 [stage-3 1/8] FROM ghcr.io/trueforge-org/python:3.13.12@sha256:d9b5d12c8e22d9b84df211da15c73e7e2b36441675f00bba2c706f93526c602b
#6 resolve ghcr.io/trueforge-org/python:3.13.12@sha256:d9b5d12c8e22d9b84df211da15c73e7e2b36441675f00bba2c706f93526c602b 0.0s done
#6 CACHED

#7 [nodebuilder 1/6] FROM ghcr.io/trueforge-org/node:22.22.0@sha256:b003160352643fa8b3341f2550c484d1ec754078df700f7a87948584e0a5939c
#7 resolve ghcr.io/trueforge-org/node:22.22.0@sha256:b003160352643fa8b3341f2550c484d1ec754078df700f7a87948584e0a5939c 0.0s done
#7 CACHED

#8 [internal] load build context
#8 transferring context: 14.54kB done
#8 DONE 0.0s

#9 [migrationbuilder 1/2] FROM ghcr.io/trueforge-org/golang:1.26.0@sha256:ecb4c82c8be78165ae38c3c7bc1b0e7f5c65255ad79d2b0aa2c83d2084a8424a
#9 resolve ghcr.io/trueforge-org/golang:1.26.0@sha256:ecb4c82c8be78165ae38c3c7bc1b0e7f5c65255ad79d2b0aa2c83d2084a8424a 0.0s done
#9 sha256:b8d6750c3f1f4de846918bb3ddf327eff1bef3b076a5e1dea28d890e156e948e 0B / 63.66MB 0.2s
#9 ...

#10 [nodebuilder 2/6] RUN   echo "**** install build packages ****" &&   apt-get update &&   apt-get install -y --no-install-recommends     p7zip-full     zip &&   rm -rf /var/lib/apt/lists/*
#10 0.212 **** install build packages ****
#10 0.218 Reading package lists...
#10 0.228 E: List directory /var/lib/apt/lists/partial is missing. - Acquire (13: Permission denied)
#10 ERROR: process "/bin/bash -o pipefail -c echo \"**** install build packages ****\" &&   apt-get update &&   apt-get install -y --no-install-recommends     p7zip-full     zip &&   rm -rf /var/lib/apt/lists/*" did not complete successfully: exit code: 100

#11 [binbuilder 2/4] RUN   echo "**** build nestool ****" &&   mkdir -p /build-out/usr/local/bin &&   git clone https://github.com/Kreeblah/NES20Tool.git &&   cd NES20Tool &&   go build &&   mv NES20Tool /build-out/usr/local/bin
#11 CANCELED

#12 [migrationbuilder 2/2] RUN   echo "**** build fs-repo-migrations ****" &&   mkdir -p /build-out/usr/bin &&   git clone https://github.com/ipfs/fs-repo-migrations.git &&   cd fs-repo-migrations &&   for BUILD in fs-repo-migrations fs-repo-9-to-10 fs-repo-10-to-11 fs-repo-11-to-12; do     cd ${BUILD} &&     go build &&     mv fs-repo-* /build-out/usr/bin/ &&     cd .. ;   done
#12 CANCELED

#13 [stage-3 2/8] RUN   echo "**** install runtime packages ****" &&   apt-get update &&   apt-get install -y --no-install-recommends     file     flac     ipfs-kubo     nginx     p7zip-full     python3     libsdl2-2.0-0 &&   apt-get install -y --no-install-recommends     mame-tools &&   mkdir /data &&   echo "**** use pinned node ****" &&   curl -L     https://github.com/thelamer/node-stash/raw/master/v16.20.2/amd64/node -o     /bin/node &&   chmod +x /bin/node &&   echo "**** cleanup ****" &&   rm -rf     /tmp/* &&   rm -rf /var/lib/apt/lists/*
#13 0.208 **** install runtime packages ****
#13 CANCELED
------
 > [nodebuilder 2/6] RUN   echo "**** install build packages ****" &&   apt-get update &&   apt-get install -y --no-install-recommends     p7zip-full     zip &&   rm -rf /var/lib/apt/lists/*:
0.212 **** install build packages ****
0.218 Reading package lists...
0.228 E: List directory /var/lib/apt/lists/partial is missing. - Acquire (13: Permission denied)
------

 [33m3 warnings found (use docker --debug to expand):
[0m - FromAsCasing: 'as' and 'FROM' keywords' casing do not match (line 1)
 - FromAsCasing: 'as' and 'FROM' keywords' casing do not match (line 15)
 - FromAsCasing: 'as' and 'FROM' keywords' casing do not match (line 50)
Dockerfile:53
--------------------
  52 |     
  53 | >>> RUN \
  54 | >>>   echo "**** install build packages ****" && \
  55 | >>>   apt-get update && \
  56 | >>>   apt-get install -y --no-install-recommends \
  57 | >>>     p7zip-full \
  58 | >>>     zip && \
  59 | >>>   rm -rf /var/lib/apt/lists/*
  60 |     
--------------------
ERROR: failed to build: failed to solve: process "/bin/bash -o pipefail -c echo \"**** install build packages ****\" &&   apt-get update &&   apt-get install -y --no-install-recommends     p7zip-full     zip &&   rm -rf /var/lib/apt/lists/*" did not complete successfully: exit code: 100
