#0 building with "default" instance using docker driver

#1 [internal] load local bake definitions
#1 reading docker-bake.hcl 824B / 824B done
#1 DONE 0.0s

#2 [internal] load build definition from Dockerfile
#2 transferring dockerfile: 621B done
#2 DONE 0.0s

#3 [internal] load metadata for ghcr.io/trueforge-org/node:22.22.0
#3 DONE 0.2s

#4 [internal] load .dockerignore
#4 transferring context: 2B done
#4 DONE 0.0s

#5 [1/4] FROM ghcr.io/trueforge-org/node:22.22.0@sha256:b003160352643fa8b3341f2550c484d1ec754078df700f7a87948584e0a5939c
#5 resolve ghcr.io/trueforge-org/node:22.22.0@sha256:b003160352643fa8b3341f2550c484d1ec754078df700f7a87948584e0a5939c 0.0s done
#5 DONE 0.0s

#6 [internal] load build context
#6 transferring context: 520B done
#6 DONE 0.0s

#7 [2/4] RUN   echo "**** install build packages ****" &&   apt-get update && apt-get install -y --no-install-recommends     build-essential &&   echo "**** install SyncLounge ****" &&   npm install -g --omit=dev synclounge@"5.2.35" &&   npm prune --omit=dev &&   echo "**** cleanup ****" &&   apt-get autoremove -y &&   rm -rf     /app/.cache     /tmp/*
#7 CACHED

#8 [3/4] COPY . /
#8 DONE 0.0s

#9 [4/4] WORKDIR /config
#9 DONE 0.0s

#10 exporting to image
#10 exporting layers 0.0s done
#10 exporting manifest sha256:8d453ebeafd4e56569ba9d3be5848a417ee7eced969ba2804919cad60c4a7e17 done
#10 exporting config sha256:7b73592b041cf010b593ad1dfe0d8b7a75113f3c498dd60e1cda15ea31c5714d done
#10 exporting attestation manifest sha256:e78b2d2b9aeba190ad33a36e743439eefa6c221d88ebc6ce440bff419fb1aef6 done
#10 exporting manifest list sha256:909aced58fbba84a912c0f9796e420178ebe3f2e5fa71a4257707ebbff1d568d
#10 exporting manifest list sha256:909aced58fbba84a912c0f9796e420178ebe3f2e5fa71a4257707ebbff1d568d done
#10 naming to docker.io/library/synclounge:5.2.35 done
#10 unpacking to docker.io/library/synclounge:5.2.35 0.0s done
#10 DONE 0.1s
