#0 building with "default" instance using docker driver

#1 [internal] load local bake definitions
#1 reading docker-bake.hcl 819B / 819B done
#1 DONE 0.0s

#2 [internal] load build definition from Dockerfile
#2 transferring dockerfile: 1.63kB done
#2 DONE 0.0s

#3 [internal] load metadata for ghcr.io/trueforge-org/ubuntu:24.04
#3 DONE 0.2s

#4 [internal] load .dockerignore
#4 transferring context: 2B done
#4 DONE 0.0s

#5 [1/5] FROM ghcr.io/trueforge-org/ubuntu:24.04@sha256:5348eb7725294e8090c15b7b495e517f82f4b31497d3bb9de71bbe37476e7454
#5 resolve ghcr.io/trueforge-org/ubuntu:24.04@sha256:5348eb7725294e8090c15b7b495e517f82f4b31497d3bb9de71bbe37476e7454 0.0s done
#5 DONE 0.0s

#6 [internal] load build context
#6 transferring context: 1.12kB done
#6 DONE 0.0s

#7 [2/5] RUN     echo "**** install runtime packages ****" &&     apt-get update &&     apt-get install -y         php8.3-xml         php8.3-exif         php8.3-gmp         php8.3-intl         php8.3-mysql         php8.3-pgsql         php8.3-sqlite3         sqlite3 &&     echo "**** configure php-fpm to pass env vars ****" &&     if [ -f /etc/php/8.3/fpm/pool.d/www.conf ]; then sed -E -i 's/^;?clear_env ?=.*$/clear_env = no/g' /etc/php/8.3/fpm/pool.d/www.conf && if ! grep -qxF 'clear_env = no' /etc/php/8.3/fpm/pool.d/www.conf; then echo 'clear_env = no' >> /etc/php/8.3/fpm/pool.d/www.conf; fi && echo "env[PATH] = /usr/local/bin:/usr/bin:/bin" >> /etc/php/8.3/fpm/php-fpm.conf; fi &&     echo "**** install app ****" &&     mkdir -p         /app/www &&     curl -fL -o         /tmp/freshrss.tar.gz         "https://github.com/FreshRSS/FreshRSS/archive/refs/tags/1.27.1.tar.gz" || curl -fL -o         /tmp/freshrss.tar.gz         "https://github.com/FreshRSS/FreshRSS/archive/refs/tags/v1.27.1.tar.gz" &&     tar xf         /tmp/freshrss.tar.gz -C         /app/www --strip-components=1 &&     sed -i "s|'disable_update' => false,|'disable_update' => true,|g"         /app/www/config.default.php &&     echo "**** cleanup ****" &&     rm -rf         /tmp/* &&     apt-get clean && rm -rf /var/lib/apt/lists/*
#7 CACHED

#8 [3/5] COPY . /
#8 CACHED

#9 [4/5] COPY ./root /
#9 CACHED

#10 [5/5] WORKDIR /config
#10 CACHED

#11 exporting to image
#11 exporting layers done
#11 exporting manifest sha256:66e035a178c7a41aea5812af461fb698382207994668c509637201ddab2651ac done
#11 exporting config sha256:330f424d0ff7146ea2366358783de020496324573f910fe9fea8a2d8297d45ca done
#11 exporting attestation manifest sha256:143258762e63df6dc135454ad4b14f6d17bd2230dbb192bce213e9764b34f4f8 done
#11 exporting manifest list sha256:36b8af0c826d0e5cd167abd03e00739e3215e57bc74617674b75e9c41ef0ba7a done
#11 naming to docker.io/library/freshrss:1.27.1 done
#11 unpacking to docker.io/library/freshrss:1.27.1 done
#11 DONE 0.0s
