#0 building with "default" instance using docker driver

#1 [internal] load local bake definitions
#1 reading docker-bake.hcl 853B / 853B done
#1 DONE 0.0s

#2 [internal] load build definition from Dockerfile
#2 transferring dockerfile: 1.59kB done
#2 WARN: FromAsCasing: 'as' and 'FROM' keywords' casing do not match (line 2)
#2 DONE 0.0s

#3 [internal] load metadata for ghcr.io/trueforge-org/baseimage-kasmvnc:debianbookworm
#3 ERROR: failed to authorize: failed to fetch anonymous token: unexpected status from GET request to https://ghcr.io/token?scope=repository%3Atrueforge-org%2Fbaseimage-kasmvnc%3Apull&service=ghcr.io: 403 Forbidden
------
 > [internal] load metadata for ghcr.io/trueforge-org/baseimage-kasmvnc:debianbookworm:
------

 [33m1 warning found (use docker --debug to expand):
[0m - FromAsCasing: 'as' and 'FROM' keywords' casing do not match (line 2)
Dockerfile:24
--------------------
  22 |     
  23 |     # runtime
  24 | >>> FROM ghcr.io/trueforge-org/baseimage-kasmvnc:debianbookworm
  25 |     
  26 |     # set version label
--------------------
ERROR: failed to solve: failed to fetch anonymous token: unexpected status from GET request to https://ghcr.io/token?scope=repository%3Atrueforge-org%2Fbaseimage-kasmvnc%3Apull&service=ghcr.io: 403 Forbidden
